<?xml version="1.0" encoding="UTF-8"?>
<testsuite xmlns:xsi="http://www.w3.org/2001/XMLSchema-instance" xsi:noNamespaceSchemaLocation="https://maven.apache.org/surefire/maven-surefire-plugin/xsd/surefire-test-report.xsd" name="Confirmation of Gregory Loscombe info" time="2.61" tests="2" errors="0" skipped="0" failures="0">
  <properties>
[...]
</properties>
  <testcase name="Name Confirmation" classname="Confirmation of Gregory Loscombe info" time="2.438"/>
  <testcase name="Response Body Assertion" classname="Confirmation of Gregory Loscombe info" time="0.172"/>
</testsuite>