<?xml version="1.0" encoding="UTF-8"?>
<testsuite xmlns:xsi="http://www.w3.org/2001/XMLSchema-instance" xsi:noNamespaceSchemaLocation="https://maven.apache.org/surefire/maven-surefire-plugin/xsd/surefire-test-report.xsd" name="Github profile information" time="12.253" tests="2" errors="2" skipped="0" failures="0">
  <properties>
[...]
</properties>
  <testcase name="Verify the profile information on Github" classname="Github profile information" time="12.252">
    <error message="session not created: This version of ChromeDriver only supports Chrome version 114&#10;Current browser version is 137.0.7151.70 with binary path /Applications/Google Chrome.app/Contents/MacOS/Google Chrome&#10;Build info: version: &apos;3.141.59&apos;, revision: &apos;e82be7d358&apos;, time: &apos;2018-11-14T08:17:03&apos;&#10;System info: host: &apos;Dusmamats-MacBook-Pro.local&apos;, ip: &apos;fe80:0:0:0:1010:61d6:3893:3b9b%en0&apos;, os.name: &apos;Mac OS X&apos;, os.arch: &apos;x86_64&apos;, os.version: &apos;15.4&apos;, java.version: &apos;21.0.6&apos;&#10;Driver info: driver.version: Driver&#10;remote stacktrace: 0   chromedriver                        0x000000010b61b6b8 chromedriver + 4937400&#10;1   chromedriver                        0x000000010b612b73 chromedriver + 4901747&#10;2   chromedriver                        0x000000010b1d0616 chromedriver + 435734&#10;3   chromedriver                        0x000000010b202d10 chromedriver + 642320&#10;4   chromedriver                        0x000000010b1fe18a chromedriver + 622986&#10;5   chromedriver                        0x000000010b1fa67c chromedriver + 607868&#10;6   chromedriver                        0x000000010b241a08 chromedriver + 899592&#10;7   chromedriver                        0x000000010b240ebf chromedriver + 896703&#10;8   chromedriver                        0x000000010b237de3 chromedriver + 859619&#10;9   chromedriver                        0x000000010b205d7f chromedriver + 654719&#10;10  chromedriver                        0x000000010b2070de chromedriver + 659678&#10;11  chromedriver                        0x000000010b5d72ad chromedriver + 4657837&#10;12  chromedriver                        0x000000010b5dc130 chromedriver + 4677936&#10;13  chromedriver                        0x000000010b5e2def chromedriver + 4705775&#10;14  chromedriver                        0x000000010b5dd05a chromedriver + 4681818&#10;15  chromedriver                        0x000000010b5af92c chromedriver + 4495660&#10;16  chromedriver                        0x000000010b5fa838 chromedriver + 4802616&#10;17  chromedriver                        0x000000010b5fa9b7 chromedriver + 4802999&#10;18  chromedriver                        0x000000010b60b99f chromedriver + 4872607&#10;19  libsystem_pthread.dylib             0x00007ff80af83df1 _pthread_start + 99&#10;20  libsystem_pthread.dylib             0x00007ff80af7f857 thread_start + 15&#10;" type="org.openqa.selenium.SessionNotCreatedException">org.openqa.selenium.SessionNotCreatedException: 
session not created: This version of ChromeDriver only supports Chrome version 114
Current browser version is 137.0.7151.70 with binary path /Applications/Google Chrome.app/Contents/MacOS/Google Chrome
Build info: version: '3.141.59', revision: 'e82be7d358', time: '2018-11-14T08:17:03'
System info: host: 'Dusmamats-MacBook-Pro.local', ip: 'fe80:0:0:0:1010:61d6:3893:3b9b%en0', os.name: 'Mac OS X', os.arch: 'x86_64', os.version: '15.4', java.version: '21.0.6'
Driver info: driver.version: Driver
remote stacktrace: 0   chromedriver                        0x000000010b61b6b8 chromedriver + 4937400
1   chromedriver                        0x000000010b612b73 chromedriver + 4901747
2   chromedriver                        0x000000010b1d0616 chromedriver + 435734
3   chromedriver                        0x000000010b202d10 chromedriver + 642320
4   chromedriver                        0x000000010b1fe18a chromedriver + 622986
5   chromedriver                        0x000000010b1fa67c chromedriver + 607868
6   chromedriver                        0x000000010b241a08 chromedriver + 899592
7   chromedriver                        0x000000010b240ebf chromedriver + 896703
8   chromedriver                        0x000000010b237de3 chromedriver + 859619
9   chromedriver                        0x000000010b205d7f chromedriver + 654719
10  chromedriver                        0x000000010b2070de chromedriver + 659678
11  chromedriver                        0x000000010b5d72ad chromedriver + 4657837
12  chromedriver                        0x000000010b5dc130 chromedriver + 4677936
13  chromedriver                        0x000000010b5e2def chromedriver + 4705775
14  chromedriver                        0x000000010b5dd05a chromedriver + 4681818
15  chromedriver                        0x000000010b5af92c chromedriver + 4495660
16  chromedriver                        0x000000010b5fa838 chromedriver + 4802616
17  chromedriver                        0x000000010b5fa9b7 chromedriver + 4802999
18  chromedriver                        0x000000010b60b99f chromedriver + 4872607
19  libsystem_pthread.dylib             0x00007ff80af83df1 _pthread_start + 99
20  libsystem_pthread.dylib             0x00007ff80af7f857 thread_start + 15

</error>
    <system-out><![CDATA[Jun 12, 2025 10:18:11 AM io.cucumber.junit.Cucumber <init>
WARNING: By default Cucumber is running in --non-strict mode.
This default will change to --strict and --non-strict will be removed.
You can use --strict or @CucumberOptions(strict = true) to suppress this warning
DEBUG   2025-06-12 10:18:14,577 [Finalizer] org.apache.http.impl.conn.DefaultClientConnection  - Connection 0.0.0.0:56040<->20.26.156.210:443 closed

&amp#27;[31mFailed scenarios:&amp#27;[0m
&amp#27;[31mfile:///Users/dusmamatkarimov/dev/amplience_api_test/src/test/resources/features/githubProfile.feature:3&amp#27;[0m# Verify the profile information on Github

3 Scenarios (&amp#27;[31m1 failed&amp#27;[0m, &amp#27;[32m2 passed&amp#27;[0m)
8 Steps (&amp#27;[36m2 skipped&amp#27;[0m, &amp#27;[32m6 passed&amp#27;[0m)
0m12.254s


org.openqa.selenium.SessionNotCreatedException: session not created: This version of ChromeDriver only supports Chrome version 114
Current browser version is 137.0.7151.70 with binary path /Applications/Google Chrome.app/Contents/MacOS/Google Chrome
Build info: version: '3.141.59', revision: 'e82be7d358', time: '2018-11-14T08:17:03'
System info: host: 'Dusmamats-MacBook-Pro.local', ip: 'fe80:0:0:0:1010:61d6:3893:3b9b%en0', os.name: 'Mac OS X', os.arch: 'x86_64', os.version: '15.4', java.version: '21.0.6'
Driver info: driver.version: Driver
remote stacktrace: 0   chromedriver                        0x000000010b61b6b8 chromedriver + 4937400
1   chromedriver                        0x000000010b612b73 chromedriver + 4901747
2   chromedriver                        0x000000010b1d0616 chromedriver + 435734
3   chromedriver                        0x000000010b202d10 chromedriver + 642320
4   chromedriver                        0x000000010b1fe18a chromedriver + 622986
5   chromedriver                        0x000000010b1fa67c chromedriver + 607868
6   chromedriver                        0x000000010b241a08 chromedriver + 899592
7   chromedriver                        0x000000010b240ebf chromedriver + 896703
8   chromedriver                        0x000000010b237de3 chromedriver + 859619
9   chromedriver                        0x000000010b205d7f chromedriver + 654719
10  chromedriver                        0x000000010b2070de chromedriver + 659678
11  chromedriver                        0x000000010b5d72ad chromedriver + 4657837
12  chromedriver                        0x000000010b5dc130 chromedriver + 4677936
13  chromedriver                        0x000000010b5e2def chromedriver + 4705775
14  chromedriver                        0x000000010b5dd05a chromedriver + 4681818
15  chromedriver                        0x000000010b5af92c chromedriver + 4495660
16  chromedriver                        0x000000010b5fa838 chromedriver + 4802616
17  chromedriver                        0x000000010b5fa9b7 chromedriver + 4802999
18  chromedriver                        0x000000010b60b99f chromedriver + 4872607
19  libsystem_pthread.dylib             0x00007ff80af83df1 _pthread_start + 99
20  libsystem_pthread.dylib             0x00007ff80af7f857 thread_start + 15

	at java.base/jdk.internal.reflect.DirectConstructorHandleAccessor.newInstance(DirectConstructorHandleAccessor.java:62)
	at java.base/java.lang.reflect.Constructor.newInstanceWithCaller(Constructor.java:502)
	at java.base/java.lang.reflect.Constructor.newInstance(Constructor.java:486)
	at org.openqa.selenium.remote.W3CHandshakeResponse.lambda$errorHandler$0(W3CHandshakeResponse.java:62)
	at org.openqa.selenium.remote.HandshakeResponse.lambda$getResponseFunction$0(HandshakeResponse.java:30)
	at org.openqa.selenium.remote.ProtocolHandshake.lambda$createSession$0(ProtocolHandshake.java:126)
	at java.base/java.util.stream.ReferencePipeline$3$1.accept(ReferencePipeline.java:197)
	at java.base/java.util.Spliterators$ArraySpliterator.tryAdvance(Spliterators.java:1034)
	at java.base/java.util.stream.ReferencePipeline.forEachWithCancel(ReferencePipeline.java:129)
	at java.base/java.util.stream.AbstractPipeline.copyIntoWithCancel(AbstractPipeline.java:527)
	at java.base/java.util.stream.AbstractPipeline.copyInto(AbstractPipeline.java:513)
	at java.base/java.util.stream.AbstractPipeline.wrapAndCopyInto(AbstractPipeline.java:499)
	at java.base/java.util.stream.FindOps$FindOp.evaluateSequential(FindOps.java:150)
	at java.base/java.util.stream.AbstractPipeline.evaluate(AbstractPipeline.java:234)
	at java.base/java.util.stream.ReferencePipeline.findFirst(ReferencePipeline.java:647)
	at org.openqa.selenium.remote.ProtocolHandshake.createSession(ProtocolHandshake.java:128)
	at org.openqa.selenium.remote.ProtocolHandshake.createSession(ProtocolHandshake.java:74)
	at org.openqa.selenium.remote.HttpCommandExecutor.execute(HttpCommandExecutor.java:136)
	at org.openqa.selenium.remote.service.DriverCommandExecutor.execute(DriverCommandExecutor.java:83)
	at org.openqa.selenium.remote.RemoteWebDriver.execute(RemoteWebDriver.java:552)
	at org.openqa.selenium.remote.RemoteWebDriver.startSession(RemoteWebDriver.java:213)
	at org.openqa.selenium.remote.RemoteWebDriver.<init>(RemoteWebDriver.java:131)
	at org.openqa.selenium.chrome.ChromeDriver.<init>(ChromeDriver.java:181)
	at org.openqa.selenium.chrome.ChromeDriver.<init>(ChromeDriver.java:168)
	at org.openqa.selenium.chrome.ChromeDriver.<init>(ChromeDriver.java:123)
	at com.amplience.utilities.Driver.get(Driver.java:27)
	at com.amplience.step_definitions.Hooks.setup(Hooks.java:15)

org.openqa.selenium.SessionNotCreatedException: session not created: This version of ChromeDriver only supports Chrome version 114
Current browser version is 137.0.7151.70 with binary path /Applications/Google Chrome.app/Contents/MacOS/Google Chrome
Build info: version: '3.141.59', revision: 'e82be7d358', time: '2018-11-14T08:17:03'
System info: host: 'Dusmamats-MacBook-Pro.local', ip: 'fe80:0:0:0:1010:61d6:3893:3b9b%en0', os.name: 'Mac OS X', os.arch: 'x86_64', os.version: '15.4', java.version: '21.0.6'
Driver info: driver.version: Driver
remote stacktrace: 0   chromedriver                        0x000000010f7466b8 chromedriver + 4937400
1   chromedriver                        0x000000010f73db73 chromedriver + 4901747
2   chromedriver                        0x000000010f2fb616 chromedriver + 435734
3   chromedriver                        0x000000010f32dd10 chromedriver + 642320
4   chromedriver                        0x000000010f32918a chromedriver + 622986
5   chromedriver                        0x000000010f32567c chromedriver + 607868
6   chromedriver                        0x000000010f36ca08 chromedriver + 899592
7   chromedriver                        0x000000010f36bebf chromedriver + 896703
8   chromedriver                        0x000000010f362de3 chromedriver + 859619
9   chromedriver                        0x000000010f330d7f chromedriver + 654719
10  chromedriver                        0x000000010f3320de chromedriver + 659678
11  chromedriver                        0x000000010f7022ad chromedriver + 4657837
12  chromedriver                        0x000000010f707130 chromedriver + 4677936
13  chromedriver                        0x000000010f70ddef chromedriver + 4705775
14  chromedriver                        0x000000010f70805a chromedriver + 4681818
15  chromedriver                        0x000000010f6da92c chromedriver + 4495660
16  chromedriver                        0x000000010f725838 chromedriver + 4802616
17  chromedriver                        0x000000010f7259b7 chromedriver + 4802999
18  chromedriver                        0x000000010f73699f chromedriver + 4872607
19  libsystem_pthread.dylib             0x00007ff80af83df1 _pthread_start + 99
20  libsystem_pthread.dylib             0x00007ff80af7f857 thread_start + 15

	at java.base/jdk.internal.reflect.DirectConstructorHandleAccessor.newInstance(DirectConstructorHandleAccessor.java:62)
	at java.base/java.lang.reflect.Constructor.newInstanceWithCaller(Constructor.java:502)
	at java.base/java.lang.reflect.Constructor.newInstance(Constructor.java:486)
	at org.openqa.selenium.remote.W3CHandshakeResponse.lambda$errorHandler$0(W3CHandshakeResponse.java:62)
	at org.openqa.selenium.remote.HandshakeResponse.lambda$getResponseFunction$0(HandshakeResponse.java:30)
	at org.openqa.selenium.remote.ProtocolHandshake.lambda$createSession$0(ProtocolHandshake.java:126)
	at java.base/java.util.stream.ReferencePipeline$3$1.accept(ReferencePipeline.java:197)
	at java.base/java.util.Spliterators$ArraySpliterator.tryAdvance(Spliterators.java:1034)
	at java.base/java.util.stream.ReferencePipeline.forEachWithCancel(ReferencePipeline.java:129)
	at java.base/java.util.stream.AbstractPipeline.copyIntoWithCancel(AbstractPipeline.java:527)
	at java.base/java.util.stream.AbstractPipeline.copyInto(AbstractPipeline.java:513)
	at java.base/java.util.stream.AbstractPipeline.wrapAndCopyInto(AbstractPipeline.java:499)
	at java.base/java.util.stream.FindOps$FindOp.evaluateSequential(FindOps.java:150)
	at java.base/java.util.stream.AbstractPipeline.evaluate(AbstractPipeline.java:234)
	at java.base/java.util.stream.ReferencePipeline.findFirst(ReferencePipeline.java:647)
	at org.openqa.selenium.remote.ProtocolHandshake.createSession(ProtocolHandshake.java:128)
	at org.openqa.selenium.remote.ProtocolHandshake.createSession(ProtocolHandshake.java:74)
	at org.openqa.selenium.remote.HttpCommandExecutor.execute(HttpCommandExecutor.java:136)
	at org.openqa.selenium.remote.service.DriverCommandExecutor.execute(DriverCommandExecutor.java:83)
	at org.openqa.selenium.remote.RemoteWebDriver.execute(RemoteWebDriver.java:552)
	at org.openqa.selenium.remote.RemoteWebDriver.startSession(RemoteWebDriver.java:213)
	at org.openqa.selenium.remote.RemoteWebDriver.<init>(RemoteWebDriver.java:131)
	at org.openqa.selenium.chrome.ChromeDriver.<init>(ChromeDriver.java:181)
	at org.openqa.selenium.chrome.ChromeDriver.<init>(ChromeDriver.java:168)
	at org.openqa.selenium.chrome.ChromeDriver.<init>(ChromeDriver.java:123)
	at com.amplience.utilities.Driver.get(Driver.java:27)
	at com.amplience.step_definitions.Hooks.closure(Hooks.java:22)


DEBUG   2025-06-12 10:18:12,453 [pool-1-thread-1] io.github.bonigarcia.wdm.versions.Shell  - Running command on the shell: [/Applications/Google Chrome.app/Contents/MacOS/Google Chrome, --version]
DEBUG   2025-06-12 10:18:13,712 [pool-1-thread-1] io.github.bonigarcia.wdm.versions.Shell  - Result: Google Chrome 137.0.7151.70
DEBUG   2025-06-12 10:18:13,723 [pool-1-thread-1] org.apache.hc.client5.http.impl.classic.InternalHttpClient  - ex-00000001: preparing request execution
DEBUG   2025-06-12 10:18:13,728 [pool-1-thread-1] org.apache.hc.client5.http.protocol.RequestAddCookies  - Cookie spec selected: strict
DEBUG   2025-06-12 10:18:13,740 [pool-1-thread-1] org.apache.hc.client5.http.protocol.RequestAuthCache  - Auth cache not set in the context
DEBUG   2025-06-12 10:18:13,740 [pool-1-thread-1] org.apache.hc.client5.http.impl.classic.ProtocolExec  - ex-00000001: target auth state: UNCHALLENGED
DEBUG   2025-06-12 10:18:13,741 [pool-1-thread-1] org.apache.hc.client5.http.impl.classic.ProtocolExec  - ex-00000001: proxy auth state: UNCHALLENGED
DEBUG   2025-06-12 10:18:13,741 [pool-1-thread-1] org.apache.hc.client5.http.impl.classic.ConnectExec  - ex-00000001: acquiring connection with route {s}->https://chromedriver.storage.googleapis.com:443
DEBUG   2025-06-12 10:18:13,741 [pool-1-thread-1] org.apache.hc.client5.http.impl.classic.InternalHttpClient  - ex-00000001: acquiring endpoint (3 MINUTES)
DEBUG   2025-06-12 10:18:13,742 [pool-1-thread-1] org.apache.hc.client5.http.impl.io.PoolingHttpClientConnectionManager  - ex-00000001: endpoint lease request (3 MINUTES) [route: {s}->https://chromedriver.storage.googleapis.com:443][total available: 0; route allocated: 0 of 5; total allocated: 0 of 25]
DEBUG   2025-06-12 10:18:13,747 [pool-1-thread-1] org.apache.hc.client5.http.impl.io.PoolingHttpClientConnectionManager  - ex-00000001: endpoint leased [route: {s}->https://chromedriver.storage.googleapis.com:443][total available: 0; route allocated: 1 of 5; total allocated: 1 of 25]
DEBUG   2025-06-12 10:18:13,760 [pool-1-thread-1] org.apache.hc.client5.http.impl.io.PoolingHttpClientConnectionManager  - ex-00000001: acquired ep-00000000
DEBUG   2025-06-12 10:18:13,760 [pool-1-thread-1] org.apache.hc.client5.http.impl.classic.InternalHttpClient  - ex-00000001: acquired endpoint ep-00000000
DEBUG   2025-06-12 10:18:13,760 [pool-1-thread-1] org.apache.hc.client5.http.impl.classic.ConnectExec  - ex-00000001: opening connection {s}->https://chromedriver.storage.googleapis.com:443
DEBUG   2025-06-12 10:18:13,761 [pool-1-thread-1] org.apache.hc.client5.http.impl.classic.InternalHttpClient  - ep-00000000: connecting endpoint (30 SECONDS)
DEBUG   2025-06-12 10:18:13,761 [pool-1-thread-1] org.apache.hc.client5.http.impl.io.PoolingHttpClientConnectionManager  - ep-00000000: connecting endpoint to https://chromedriver.storage.googleapis.com:443 (30 SECONDS)
DEBUG   2025-06-12 10:18:13,815 [pool-1-thread-1] org.apache.hc.client5.http.impl.io.DefaultHttpClientConnectionOperator  - http-outgoing-0: connecting to chromedriver.storage.googleapis.com/142.250.117.207:443
DEBUG   2025-06-12 10:18:13,815 [pool-1-thread-1] org.apache.hc.client5.http.ssl.SSLConnectionSocketFactory  - Connecting socket to chromedriver.storage.googleapis.com/142.250.117.207:443 with timeout 30 SECONDS
DEBUG   2025-06-12 10:18:13,843 [pool-1-thread-1] org.apache.hc.client5.http.ssl.SSLConnectionSocketFactory  - Enabled protocols: [TLSv1.3, TLSv1.2]
DEBUG   2025-06-12 10:18:13,844 [pool-1-thread-1] org.apache.hc.client5.http.ssl.SSLConnectionSocketFactory  - Enabled cipher suites:[TLS_AES_256_GCM_SHA384, TLS_AES_128_GCM_SHA256, TLS_CHACHA20_POLY1305_SHA256, TLS_ECDHE_ECDSA_WITH_AES_256_GCM_SHA384, TLS_ECDHE_ECDSA_WITH_AES_128_GCM_SHA256, TLS_ECDHE_ECDSA_WITH_CHACHA20_POLY1305_SHA256, TLS_ECDHE_RSA_WITH_AES_256_GCM_SHA384, TLS_ECDHE_RSA_WITH_CHACHA20_POLY1305_SHA256, TLS_ECDHE_RSA_WITH_AES_128_GCM_SHA256, TLS_DHE_RSA_WITH_AES_256_GCM_SHA384, TLS_DHE_RSA_WITH_CHACHA20_POLY1305_SHA256, TLS_DHE_DSS_WITH_AES_256_GCM_SHA384, TLS_DHE_RSA_WITH_AES_128_GCM_SHA256, TLS_DHE_DSS_WITH_AES_128_GCM_SHA256, TLS_ECDHE_ECDSA_WITH_AES_256_CBC_SHA384, TLS_ECDHE_RSA_WITH_AES_256_CBC_SHA384, TLS_ECDHE_ECDSA_WITH_AES_128_CBC_SHA256, TLS_ECDHE_RSA_WITH_AES_128_CBC_SHA256, TLS_DHE_RSA_WITH_AES_256_CBC_SHA256, TLS_DHE_DSS_WITH_AES_256_CBC_SHA256, TLS_DHE_RSA_WITH_AES_128_CBC_SHA256, TLS_DHE_DSS_WITH_AES_128_CBC_SHA256, TLS_ECDHE_ECDSA_WITH_AES_256_CBC_SHA, TLS_ECDHE_RSA_WITH_AES_256_CBC_SHA, TLS_ECDHE_ECDSA_WITH_AES_128_CBC_SHA, TLS_ECDHE_RSA_WITH_AES_128_CBC_SHA, TLS_DHE_RSA_WITH_AES_256_CBC_SHA, TLS_DHE_DSS_WITH_AES_256_CBC_SHA, TLS_DHE_RSA_WITH_AES_128_CBC_SHA, TLS_DHE_DSS_WITH_AES_128_CBC_SHA, TLS_RSA_WITH_AES_256_GCM_SHA384, TLS_RSA_WITH_AES_128_GCM_SHA256, TLS_RSA_WITH_AES_256_CBC_SHA256, TLS_RSA_WITH_AES_128_CBC_SHA256, TLS_RSA_WITH_AES_256_CBC_SHA, TLS_RSA_WITH_AES_128_CBC_SHA, TLS_EMPTY_RENEGOTIATION_INFO_SCSV]
DEBUG   2025-06-12 10:18:13,844 [pool-1-thread-1] org.apache.hc.client5.http.ssl.SSLConnectionSocketFactory  - Starting handshake
DEBUG   2025-06-12 10:18:13,889 [pool-1-thread-1] org.apache.hc.client5.http.ssl.SSLConnectionSocketFactory  - Secure session established
DEBUG   2025-06-12 10:18:13,889 [pool-1-thread-1] org.apache.hc.client5.http.ssl.SSLConnectionSocketFactory  -  negotiated protocol: TLSv1.3
DEBUG   2025-06-12 10:18:13,889 [pool-1-thread-1] org.apache.hc.client5.http.ssl.SSLConnectionSocketFactory  -  negotiated cipher suite: TLS_AES_256_GCM_SHA384
DEBUG   2025-06-12 10:18:13,889 [pool-1-thread-1] org.apache.hc.client5.http.ssl.SSLConnectionSocketFactory  -  peer principal: CN=*.storage.googleapis.com
DEBUG   2025-06-12 10:18:13,889 [pool-1-thread-1] org.apache.hc.client5.http.ssl.SSLConnectionSocketFactory  -  peer alternative names: [*.storage.googleapis.com, *.googleapis.com, commondatastorage.googleapis.com, *.commondatastorage.googleapis.com, storage.googleapis.com, storage-p2.googleapis.com, *.storage-p2.googleapis.com, storage.mtls.googleapis.com, *.appspot.com.storage.googleapis.com, *.content-storage.googleapis.com, *.content-storage-p2.googleapis.com, *.content-storage-upload.googleapis.com, *.content-storage-download.googleapis.com, *.storage-upload.googleapis.com, *.storage-download.googleapis.com]
DEBUG   2025-06-12 10:18:13,889 [pool-1-thread-1] org.apache.hc.client5.http.ssl.SSLConnectionSocketFactory  -  issuer principal: CN=WR2, O=Google Trust Services, C=US
DEBUG   2025-06-12 10:18:13,892 [pool-1-thread-1] org.apache.hc.client5.http.impl.io.DefaultHttpClientConnectionOperator  - http-outgoing-0: connection established 10.121.201.4:56038<->142.250.117.207:443
DEBUG   2025-06-12 10:18:13,892 [pool-1-thread-1] org.apache.hc.client5.http.impl.io.PoolingHttpClientConnectionManager  - ep-00000000: connected http-outgoing-0
DEBUG   2025-06-12 10:18:13,892 [pool-1-thread-1] org.apache.hc.client5.http.impl.classic.InternalHttpClient  - ep-00000000: endpoint connected
DEBUG   2025-06-12 10:18:13,893 [pool-1-thread-1] org.apache.hc.client5.http.impl.classic.MainClientExec  - ex-00000001: executing GET /LATEST_RELEASE_137 HTTP/1.1
DEBUG   2025-06-12 10:18:13,894 [pool-1-thread-1] org.apache.hc.client5.http.impl.classic.InternalHttpClient  - ep-00000000: start execution ex-00000001
DEBUG   2025-06-12 10:18:13,894 [pool-1-thread-1] org.apache.hc.client5.http.impl.io.PoolingHttpClientConnectionManager  - ep-00000000: executing exchange ex-00000001 over http-outgoing-0
DEBUG   2025-06-12 10:18:13,894 [pool-1-thread-1] org.apache.hc.client5.http.headers  - http-outgoing-0 >> GET /LATEST_RELEASE_137 HTTP/1.1
DEBUG   2025-06-12 10:18:13,894 [pool-1-thread-1] org.apache.hc.client5.http.headers  - http-outgoing-0 >> user-agent: Apache-HttpClient/5.0
DEBUG   2025-06-12 10:18:13,894 [pool-1-thread-1] org.apache.hc.client5.http.headers  - http-outgoing-0 >> accept-encoding: gzip, deflate, br
DEBUG   2025-06-12 10:18:13,894 [pool-1-thread-1] org.apache.hc.client5.http.headers  - http-outgoing-0 >> cache-control: max-age=0
DEBUG   2025-06-12 10:18:13,894 [pool-1-thread-1] org.apache.hc.client5.http.headers  - http-outgoing-0 >> Host: chromedriver.storage.googleapis.com
DEBUG   2025-06-12 10:18:13,894 [pool-1-thread-1] org.apache.hc.client5.http.headers  - http-outgoing-0 >> Connection: keep-alive
DEBUG   2025-06-12 10:18:13,895 [pool-1-thread-1] org.apache.hc.client5.http.wire  - http-outgoing-0 >> "GET /LATEST_RELEASE_137 HTTP/1.1[\r][\n]"
DEBUG   2025-06-12 10:18:13,895 [pool-1-thread-1] org.apache.hc.client5.http.wire  - http-outgoing-0 >> "user-agent: Apache-HttpClient/5.0[\r][\n]"
DEBUG   2025-06-12 10:18:13,895 [pool-1-thread-1] org.apache.hc.client5.http.wire  - http-outgoing-0 >> "accept-encoding: gzip, deflate, br[\r][\n]"
DEBUG   2025-06-12 10:18:13,895 [pool-1-thread-1] org.apache.hc.client5.http.wire  - http-outgoing-0 >> "cache-control: max-age=0[\r][\n]"
DEBUG   2025-06-12 10:18:13,895 [pool-1-thread-1] org.apache.hc.client5.http.wire  - http-outgoing-0 >> "Host: chromedriver.storage.googleapis.com[\r][\n]"
DEBUG   2025-06-12 10:18:13,895 [pool-1-thread-1] org.apache.hc.client5.http.wire  - http-outgoing-0 >> "Connection: keep-alive[\r][\n]"
DEBUG   2025-06-12 10:18:13,895 [pool-1-thread-1] org.apache.hc.client5.http.wire  - http-outgoing-0 >> "[\r][\n]"
DEBUG   2025-06-12 10:18:14,014 [pool-1-thread-1] org.apache.hc.client5.http.wire  - http-outgoing-0 << "HTTP/1.1 404 Not Found[\r][\n]"
DEBUG   2025-06-12 10:18:14,014 [pool-1-thread-1] org.apache.hc.client5.http.wire  - http-outgoing-0 << "Content-Type: application/xml; charset=UTF-8[\r][\n]"
DEBUG   2025-06-12 10:18:14,014 [pool-1-thread-1] org.apache.hc.client5.http.wire  - http-outgoing-0 << "X-GUploader-UploadID: ABgVH8_QIwSL5J_CFfjoLu87UHJ9v07V9U89u9W4hl6woB_tEbT__PCcrM-n9wi09V6PxrVR[\r][\n]"
DEBUG   2025-06-12 10:18:14,014 [pool-1-thread-1] org.apache.hc.client5.http.wire  - http-outgoing-0 << "Content-Length: 193[\r][\n]"
DEBUG   2025-06-12 10:18:14,014 [pool-1-thread-1] org.apache.hc.client5.http.wire  - http-outgoing-0 << "Date: Thu, 12 Jun 2025 09:18:16 GMT[\r][\n]"
DEBUG   2025-06-12 10:18:14,014 [pool-1-thread-1] org.apache.hc.client5.http.wire  - http-outgoing-0 << "Expires: Thu, 12 Jun 2025 09:18:16 GMT[\r][\n]"
DEBUG   2025-06-12 10:18:14,014 [pool-1-thread-1] org.apache.hc.client5.http.wire  - http-outgoing-0 << "Cache-Control: private, max-age=0[\r][\n]"
DEBUG   2025-06-12 10:18:14,014 [pool-1-thread-1] org.apache.hc.client5.http.wire  - http-outgoing-0 << "Server: UploadServer[\r][\n]"
DEBUG   2025-06-12 10:18:14,014 [pool-1-thread-1] org.apache.hc.client5.http.wire  - http-outgoing-0 << "Alt-Svc: h3=":443"; ma=2592000,h3-29=":443"; ma=2592000[\r][\n]"
DEBUG   2025-06-12 10:18:14,014 [pool-1-thread-1] org.apache.hc.client5.http.wire  - http-outgoing-0 << "[\r][\n]"
DEBUG   2025-06-12 10:18:14,014 [pool-1-thread-1] org.apache.hc.client5.http.wire  - http-outgoing-0 << "<?xml version='1.0' encoding='UTF-8'?><Error><Code>NoSuchKey</Code><Message>The specified key does not exist.</Message><Details>No such object: chromedriver/LATEST_RELEASE_137</Details></Error>"
DEBUG   2025-06-12 10:18:14,017 [pool-1-thread-1] org.apache.hc.client5.http.headers  - http-outgoing-0 << HTTP/1.1 404 Not Found
DEBUG   2025-06-12 10:18:14,017 [pool-1-thread-1] org.apache.hc.client5.http.headers  - http-outgoing-0 << Content-Type: application/xml; charset=UTF-8
DEBUG   2025-06-12 10:18:14,017 [pool-1-thread-1] org.apache.hc.client5.http.headers  - http-outgoing-0 << X-GUploader-UploadID: ABgVH8_QIwSL5J_CFfjoLu87UHJ9v07V9U89u9W4hl6woB_tEbT__PCcrM-n9wi09V6PxrVR
DEBUG   2025-06-12 10:18:14,017 [pool-1-thread-1] org.apache.hc.client5.http.headers  - http-outgoing-0 << Content-Length: 193
DEBUG   2025-06-12 10:18:14,017 [pool-1-thread-1] org.apache.hc.client5.http.headers  - http-outgoing-0 << Date: Thu, 12 Jun 2025 09:18:16 GMT
DEBUG   2025-06-12 10:18:14,017 [pool-1-thread-1] org.apache.hc.client5.http.headers  - http-outgoing-0 << Expires: Thu, 12 Jun 2025 09:18:16 GMT
DEBUG   2025-06-12 10:18:14,017 [pool-1-thread-1] org.apache.hc.client5.http.headers  - http-outgoing-0 << Cache-Control: private, max-age=0
DEBUG   2025-06-12 10:18:14,017 [pool-1-thread-1] org.apache.hc.client5.http.headers  - http-outgoing-0 << Server: UploadServer
DEBUG   2025-06-12 10:18:14,018 [pool-1-thread-1] org.apache.hc.client5.http.headers  - http-outgoing-0 << Alt-Svc: h3=":443"; ma=2592000,h3-29=":443"; ma=2592000
DEBUG   2025-06-12 10:18:14,020 [pool-1-thread-1] org.apache.hc.client5.http.impl.classic.MainClientExec  - ex-00000001: connection can be kept alive for 3 MINUTES
ERROR   2025-06-12 10:18:14,023 [pool-1-thread-1] io.github.bonigarcia.wdm.online.HttpClient  - Error HTTP 404 executing https://chromedriver.storage.googleapis.com/LATEST_RELEASE_137
WARN    2025-06-12 10:18:14,023 [pool-1-thread-1] io.github.bonigarcia.wdm.versions.VersionDetector  - Exception reading https://chromedriver.storage.googleapis.com/LATEST_RELEASE_137 to get latest version of chromedriver (Error HTTP 404 executing https://chromedriver.storage.googleapis.com/LATEST_RELEASE_137)
DEBUG   2025-06-12 10:18:14,024 [pool-1-thread-1] io.github.bonigarcia.wdm.versions.VersionDetector  - Getting driver version for chrome137 from online versions.properties
DEBUG   2025-06-12 10:18:14,025 [pool-1-thread-1] org.apache.hc.client5.http.impl.classic.InternalHttpClient  - ex-00000002: preparing request execution
DEBUG   2025-06-12 10:18:14,025 [pool-1-thread-1] org.apache.hc.client5.http.protocol.RequestAddCookies  - Cookie spec selected: strict
DEBUG   2025-06-12 10:18:14,025 [pool-1-thread-1] org.apache.hc.client5.http.protocol.RequestAuthCache  - Auth cache not set in the context
DEBUG   2025-06-12 10:18:14,025 [pool-1-thread-1] org.apache.hc.client5.http.impl.classic.ProtocolExec  - ex-00000002: target auth state: UNCHALLENGED
DEBUG   2025-06-12 10:18:14,025 [pool-1-thread-1] org.apache.hc.client5.http.impl.classic.ProtocolExec  - ex-00000002: proxy auth state: UNCHALLENGED
DEBUG   2025-06-12 10:18:14,025 [pool-1-thread-1] org.apache.hc.client5.http.impl.classic.ConnectExec  - ex-00000002: acquiring connection with route {s}->https://raw.githubusercontent.com:443
DEBUG   2025-06-12 10:18:14,026 [pool-1-thread-1] org.apache.hc.client5.http.impl.classic.InternalHttpClient  - ex-00000002: acquiring endpoint (3 MINUTES)
DEBUG   2025-06-12 10:18:14,026 [pool-1-thread-1] org.apache.hc.client5.http.impl.io.PoolingHttpClientConnectionManager  - ex-00000002: endpoint lease request (3 MINUTES) [route: {s}->https://raw.githubusercontent.com:443][total available: 0; route allocated: 0 of 5; total allocated: 1 of 25]
DEBUG   2025-06-12 10:18:14,026 [pool-1-thread-1] org.apache.hc.client5.http.impl.io.PoolingHttpClientConnectionManager  - ex-00000002: endpoint leased [route: {s}->https://raw.githubusercontent.com:443][total available: 0; route allocated: 1 of 5; total allocated: 2 of 25]
DEBUG   2025-06-12 10:18:14,026 [pool-1-thread-1] org.apache.hc.client5.http.impl.io.PoolingHttpClientConnectionManager  - ex-00000002: acquired ep-00000001
DEBUG   2025-06-12 10:18:14,026 [pool-1-thread-1] org.apache.hc.client5.http.impl.classic.InternalHttpClient  - ex-00000002: acquired endpoint ep-00000001
DEBUG   2025-06-12 10:18:14,026 [pool-1-thread-1] org.apache.hc.client5.http.impl.classic.ConnectExec  - ex-00000002: opening connection {s}->https://raw.githubusercontent.com:443
DEBUG   2025-06-12 10:18:14,026 [pool-1-thread-1] org.apache.hc.client5.http.impl.classic.InternalHttpClient  - ep-00000001: connecting endpoint (30 SECONDS)
DEBUG   2025-06-12 10:18:14,026 [pool-1-thread-1] org.apache.hc.client5.http.impl.io.PoolingHttpClientConnectionManager  - ep-00000001: connecting endpoint to https://raw.githubusercontent.com:443 (30 SECONDS)
DEBUG   2025-06-12 10:18:14,056 [pool-1-thread-1] org.apache.hc.client5.http.impl.io.DefaultHttpClientConnectionOperator  - http-outgoing-1: connecting to raw.githubusercontent.com/185.199.109.133:443
DEBUG   2025-06-12 10:18:14,056 [pool-1-thread-1] org.apache.hc.client5.http.ssl.SSLConnectionSocketFactory  - Connecting socket to raw.githubusercontent.com/185.199.109.133:443 with timeout 30 SECONDS
DEBUG   2025-06-12 10:18:14,084 [pool-1-thread-1] org.apache.hc.client5.http.ssl.SSLConnectionSocketFactory  - Enabled protocols: [TLSv1.3, TLSv1.2]
DEBUG   2025-06-12 10:18:14,084 [pool-1-thread-1] org.apache.hc.client5.http.ssl.SSLConnectionSocketFactory  - Enabled cipher suites:[TLS_AES_256_GCM_SHA384, TLS_AES_128_GCM_SHA256, TLS_CHACHA20_POLY1305_SHA256, TLS_ECDHE_ECDSA_WITH_AES_256_GCM_SHA384, TLS_ECDHE_ECDSA_WITH_AES_128_GCM_SHA256, TLS_ECDHE_ECDSA_WITH_CHACHA20_POLY1305_SHA256, TLS_ECDHE_RSA_WITH_AES_256_GCM_SHA384, TLS_ECDHE_RSA_WITH_CHACHA20_POLY1305_SHA256, TLS_ECDHE_RSA_WITH_AES_128_GCM_SHA256, TLS_DHE_RSA_WITH_AES_256_GCM_SHA384, TLS_DHE_RSA_WITH_CHACHA20_POLY1305_SHA256, TLS_DHE_DSS_WITH_AES_256_GCM_SHA384, TLS_DHE_RSA_WITH_AES_128_GCM_SHA256, TLS_DHE_DSS_WITH_AES_128_GCM_SHA256, TLS_ECDHE_ECDSA_WITH_AES_256_CBC_SHA384, TLS_ECDHE_RSA_WITH_AES_256_CBC_SHA384, TLS_ECDHE_ECDSA_WITH_AES_128_CBC_SHA256, TLS_ECDHE_RSA_WITH_AES_128_CBC_SHA256, TLS_DHE_RSA_WITH_AES_256_CBC_SHA256, TLS_DHE_DSS_WITH_AES_256_CBC_SHA256, TLS_DHE_RSA_WITH_AES_128_CBC_SHA256, TLS_DHE_DSS_WITH_AES_128_CBC_SHA256, TLS_ECDHE_ECDSA_WITH_AES_256_CBC_SHA, TLS_ECDHE_RSA_WITH_AES_256_CBC_SHA, TLS_ECDHE_ECDSA_WITH_AES_128_CBC_SHA, TLS_ECDHE_RSA_WITH_AES_128_CBC_SHA, TLS_DHE_RSA_WITH_AES_256_CBC_SHA, TLS_DHE_DSS_WITH_AES_256_CBC_SHA, TLS_DHE_RSA_WITH_AES_128_CBC_SHA, TLS_DHE_DSS_WITH_AES_128_CBC_SHA, TLS_RSA_WITH_AES_256_GCM_SHA384, TLS_RSA_WITH_AES_128_GCM_SHA256, TLS_RSA_WITH_AES_256_CBC_SHA256, TLS_RSA_WITH_AES_128_CBC_SHA256, TLS_RSA_WITH_AES_256_CBC_SHA, TLS_RSA_WITH_AES_128_CBC_SHA, TLS_EMPTY_RENEGOTIATION_INFO_SCSV]
DEBUG   2025-06-12 10:18:14,084 [pool-1-thread-1] org.apache.hc.client5.http.ssl.SSLConnectionSocketFactory  - Starting handshake
DEBUG   2025-06-12 10:18:14,127 [pool-1-thread-1] org.apache.hc.client5.http.ssl.SSLConnectionSocketFactory  - Secure session established
DEBUG   2025-06-12 10:18:14,127 [pool-1-thread-1] org.apache.hc.client5.http.ssl.SSLConnectionSocketFactory  -  negotiated protocol: TLSv1.3
DEBUG   2025-06-12 10:18:14,127 [pool-1-thread-1] org.apache.hc.client5.http.ssl.SSLConnectionSocketFactory  -  negotiated cipher suite: TLS_AES_128_GCM_SHA256
DEBUG   2025-06-12 10:18:14,127 [pool-1-thread-1] org.apache.hc.client5.http.ssl.SSLConnectionSocketFactory  -  peer principal: CN=*.github.io
DEBUG   2025-06-12 10:18:14,128 [pool-1-thread-1] org.apache.hc.client5.http.ssl.SSLConnectionSocketFactory  -  peer alternative names: [*.github.io, *.github.com, *.githubusercontent.com, github.com, github.io, githubusercontent.com, www.github.com]
DEBUG   2025-06-12 10:18:14,128 [pool-1-thread-1] org.apache.hc.client5.http.ssl.SSLConnectionSocketFactory  -  issuer principal: CN=Sectigo RSA Domain Validation Secure Server CA, O=Sectigo Limited, L=Salford, ST=Greater Manchester, C=GB
DEBUG   2025-06-12 10:18:14,128 [pool-1-thread-1] org.apache.hc.client5.http.impl.io.DefaultHttpClientConnectionOperator  - http-outgoing-1: connection established 10.121.201.4:56039<->185.199.109.133:443
DEBUG   2025-06-12 10:18:14,128 [pool-1-thread-1] org.apache.hc.client5.http.impl.io.PoolingHttpClientConnectionManager  - ep-00000001: connected http-outgoing-1
DEBUG   2025-06-12 10:18:14,128 [pool-1-thread-1] org.apache.hc.client5.http.impl.classic.InternalHttpClient  - ep-00000001: endpoint connected
DEBUG   2025-06-12 10:18:14,128 [pool-1-thread-1] org.apache.hc.client5.http.impl.classic.MainClientExec  - ex-00000002: executing GET /bonigarcia/webdrivermanager/master/src/main/resources/versions.properties HTTP/1.1
DEBUG   2025-06-12 10:18:14,128 [pool-1-thread-1] org.apache.hc.client5.http.impl.classic.InternalHttpClient  - ep-00000001: start execution ex-00000002
DEBUG   2025-06-12 10:18:14,128 [pool-1-thread-1] org.apache.hc.client5.http.impl.io.PoolingHttpClientConnectionManager  - ep-00000001: executing exchange ex-00000002 over http-outgoing-1
DEBUG   2025-06-12 10:18:14,128 [pool-1-thread-1] org.apache.hc.client5.http.headers  - http-outgoing-1 >> GET /bonigarcia/webdrivermanager/master/src/main/resources/versions.properties HTTP/1.1
DEBUG   2025-06-12 10:18:14,128 [pool-1-thread-1] org.apache.hc.client5.http.headers  - http-outgoing-1 >> user-agent: Apache-HttpClient/5.0
DEBUG   2025-06-12 10:18:14,128 [pool-1-thread-1] org.apache.hc.client5.http.headers  - http-outgoing-1 >> accept-encoding: gzip, deflate, br
DEBUG   2025-06-12 10:18:14,128 [pool-1-thread-1] org.apache.hc.client5.http.headers  - http-outgoing-1 >> cache-control: max-age=0
DEBUG   2025-06-12 10:18:14,129 [pool-1-thread-1] org.apache.hc.client5.http.headers  - http-outgoing-1 >> Host: raw.githubusercontent.com
DEBUG   2025-06-12 10:18:14,129 [pool-1-thread-1] org.apache.hc.client5.http.headers  - http-outgoing-1 >> Connection: keep-alive
DEBUG   2025-06-12 10:18:14,129 [pool-1-thread-1] org.apache.hc.client5.http.wire  - http-outgoing-1 >> "GET /bonigarcia/webdrivermanager/master/src/main/resources/versions.properties HTTP/1.1[\r][\n]"
DEBUG   2025-06-12 10:18:14,129 [pool-1-thread-1] org.apache.hc.client5.http.wire  - http-outgoing-1 >> "user-agent: Apache-HttpClient/5.0[\r][\n]"
DEBUG   2025-06-12 10:18:14,129 [pool-1-thread-1] org.apache.hc.client5.http.wire  - http-outgoing-1 >> "accept-encoding: gzip, deflate, br[\r][\n]"
DEBUG   2025-06-12 10:18:14,129 [pool-1-thread-1] org.apache.hc.client5.http.wire  - http-outgoing-1 >> "cache-control: max-age=0[\r][\n]"
DEBUG   2025-06-12 10:18:14,129 [pool-1-thread-1] org.apache.hc.client5.http.wire  - http-outgoing-1 >> "Host: raw.githubusercontent.com[\r][\n]"
DEBUG   2025-06-12 10:18:14,129 [pool-1-thread-1] org.apache.hc.client5.http.wire  - http-outgoing-1 >> "Connection: keep-alive[\r][\n]"
DEBUG   2025-06-12 10:18:14,130 [pool-1-thread-1] org.apache.hc.client5.http.wire  - http-outgoing-1 >> "[\r][\n]"
DEBUG   2025-06-12 10:18:14,387 [pool-1-thread-1] org.apache.hc.client5.http.wire  - http-outgoing-1 << "HTTP/1.1 200 OK[\r][\n]"
DEBUG   2025-06-12 10:18:14,388 [pool-1-thread-1] org.apache.hc.client5.http.wire  - http-outgoing-1 << "Connection: keep-alive[\r][\n]"
DEBUG   2025-06-12 10:18:14,388 [pool-1-thread-1] org.apache.hc.client5.http.wire  - http-outgoing-1 << "Content-Length: 2026[\r][\n]"
DEBUG   2025-06-12 10:18:14,388 [pool-1-thread-1] org.apache.hc.client5.http.wire  - http-outgoing-1 << "Cache-Control: max-age=300[\r][\n]"
DEBUG   2025-06-12 10:18:14,388 [pool-1-thread-1] org.apache.hc.client5.http.wire  - http-outgoing-1 << "Content-Security-Policy: default-src 'none'; style-src 'unsafe-inline'; sandbox[\r][\n]"
DEBUG   2025-06-12 10:18:14,388 [pool-1-thread-1] org.apache.hc.client5.http.wire  - http-outgoing-1 << "Content-Type: text/plain; charset=utf-8[\r][\n]"
DEBUG   2025-06-12 10:18:14,388 [pool-1-thread-1] org.apache.hc.client5.http.wire  - http-outgoing-1 << "ETag: W/"158b12be0d90e618af614dffeb94f06b915e7bb96fe9c2a07aa822ccf33242a6"[\r][\n]"
DEBUG   2025-06-12 10:18:14,388 [pool-1-thread-1] org.apache.hc.client5.http.wire  - http-outgoing-1 << "Strict-Transport-Security: max-age=31536000[\r][\n]"
DEBUG   2025-06-12 10:18:14,388 [pool-1-thread-1] org.apache.hc.client5.http.wire  - http-outgoing-1 << "X-Content-Type-Options: nosniff[\r][\n]"
DEBUG   2025-06-12 10:18:14,388 [pool-1-thread-1] org.apache.hc.client5.http.wire  - http-outgoing-1 << "X-Frame-Options: deny[\r][\n]"
DEBUG   2025-06-12 10:18:14,388 [pool-1-thread-1] org.apache.hc.client5.http.wire  - http-outgoing-1 << "X-XSS-Protection: 1; mode=block[\r][\n]"
DEBUG   2025-06-12 10:18:14,388 [pool-1-thread-1] org.apache.hc.client5.http.wire  - http-outgoing-1 << "X-GitHub-Request-Id: 273B:26CB14:87824:1487BB:684A8681[\r][\n]"
DEBUG   2025-06-12 10:18:14,389 [pool-1-thread-1] org.apache.hc.client5.http.wire  - http-outgoing-1 << "Content-Encoding: gzip[\r][\n]"
DEBUG   2025-06-12 10:18:14,389 [pool-1-thread-1] org.apache.hc.client5.http.wire  - http-outgoing-1 << "Accept-Ranges: bytes[\r][\n]"
DEBUG   2025-06-12 10:18:14,389 [pool-1-thread-1] org.apache.hc.client5.http.wire  - http-outgoing-1 << "Date: Thu, 12 Jun 2025 09:18:16 GMT[\r][\n]"
DEBUG   2025-06-12 10:18:14,389 [pool-1-thread-1] org.apache.hc.client5.http.wire  - http-outgoing-1 << "Via: 1.1 varnish[\r][\n]"
DEBUG   2025-06-12 10:18:14,389 [pool-1-thread-1] org.apache.hc.client5.http.wire  - http-outgoing-1 << "X-Served-By: cache-lon4229-LON[\r][\n]"
DEBUG   2025-06-12 10:18:14,389 [pool-1-thread-1] org.apache.hc.client5.http.wire  - http-outgoing-1 << "X-Cache: HIT[\r][\n]"
DEBUG   2025-06-12 10:18:14,389 [pool-1-thread-1] org.apache.hc.client5.http.wire  - http-outgoing-1 << "X-Cache-Hits: 0[\r][\n]"
DEBUG   2025-06-12 10:18:14,389 [pool-1-thread-1] org.apache.hc.client5.http.wire  - http-outgoing-1 << "X-Timer: S1749719896.247588,VS0,VE131[\r][\n]"
DEBUG   2025-06-12 10:18:14,389 [pool-1-thread-1] org.apache.hc.client5.http.wire  - http-outgoing-1 << "Vary: Authorization,Accept-Encoding[\r][\n]"
DEBUG   2025-06-12 10:18:14,389 [pool-1-thread-1] org.apache.hc.client5.http.wire  - http-outgoing-1 << "Access-Control-Allow-Origin: *[\r][\n]"
DEBUG   2025-06-12 10:18:14,389 [pool-1-thread-1] org.apache.hc.client5.http.wire  - http-outgoing-1 << "Cross-Origin-Resource-Policy: cross-origin[\r][\n]"
DEBUG   2025-06-12 10:18:14,389 [pool-1-thread-1] org.apache.hc.client5.http.wire  - http-outgoing-1 << "X-Fastly-Request-ID: ed66f4524014e25db90625ef31233d0a5dc62c9b[\r][\n]"
DEBUG   2025-06-12 10:18:14,389 [pool-1-thread-1] org.apache.hc.client5.http.wire  - http-outgoing-1 << "Expires: Thu, 12 Jun 2025 09:23:16 GMT[\r][\n]"
DEBUG   2025-06-12 10:18:14,389 [pool-1-thread-1] org.apache.hc.client5.http.wire  - http-outgoing-1 << "Source-Age: 0[\r][\n]"
DEBUG   2025-06-12 10:18:14,389 [pool-1-thread-1] org.apache.hc.client5.http.wire  - http-outgoing-1 << "[\r][\n]"
DEBUG   2025-06-12 10:18:14,390 [pool-1-thread-1] org.apache.hc.client5.http.headers  - http-outgoing-1 << HTTP/1.1 200 OK
DEBUG   2025-06-12 10:18:14,390 [pool-1-thread-1] org.apache.hc.client5.http.headers  - http-outgoing-1 << Connection: keep-alive
DEBUG   2025-06-12 10:18:14,390 [pool-1-thread-1] org.apache.hc.client5.http.headers  - http-outgoing-1 << Content-Length: 2026
DEBUG   2025-06-12 10:18:14,390 [pool-1-thread-1] org.apache.hc.client5.http.headers  - http-outgoing-1 << Cache-Control: max-age=300
DEBUG   2025-06-12 10:18:14,390 [pool-1-thread-1] org.apache.hc.client5.http.headers  - http-outgoing-1 << Content-Security-Policy: default-src 'none'; style-src 'unsafe-inline'; sandbox
DEBUG   2025-06-12 10:18:14,390 [pool-1-thread-1] org.apache.hc.client5.http.headers  - http-outgoing-1 << Content-Type: text/plain; charset=utf-8
DEBUG   2025-06-12 10:18:14,390 [pool-1-thread-1] org.apache.hc.client5.http.headers  - http-outgoing-1 << ETag: W/"158b12be0d90e618af614dffeb94f06b915e7bb96fe9c2a07aa822ccf33242a6"
DEBUG   2025-06-12 10:18:14,390 [pool-1-thread-1] org.apache.hc.client5.http.headers  - http-outgoing-1 << Strict-Transport-Security: max-age=31536000
DEBUG   2025-06-12 10:18:14,390 [pool-1-thread-1] org.apache.hc.client5.http.headers  - http-outgoing-1 << X-Content-Type-Options: nosniff
DEBUG   2025-06-12 10:18:14,390 [pool-1-thread-1] org.apache.hc.client5.http.headers  - http-outgoing-1 << X-Frame-Options: deny
DEBUG   2025-06-12 10:18:14,390 [pool-1-thread-1] org.apache.hc.client5.http.headers  - http-outgoing-1 << X-XSS-Protection: 1; mode=block
DEBUG   2025-06-12 10:18:14,390 [pool-1-thread-1] org.apache.hc.client5.http.headers  - http-outgoing-1 << X-GitHub-Request-Id: 273B:26CB14:87824:1487BB:684A8681
DEBUG   2025-06-12 10:18:14,390 [pool-1-thread-1] org.apache.hc.client5.http.headers  - http-outgoing-1 << Content-Encoding: gzip
DEBUG   2025-06-12 10:18:14,390 [pool-1-thread-1] org.apache.hc.client5.http.headers  - http-outgoing-1 << Accept-Ranges: bytes
DEBUG   2025-06-12 10:18:14,390 [pool-1-thread-1] org.apache.hc.client5.http.headers  - http-outgoing-1 << Date: Thu, 12 Jun 2025 09:18:16 GMT
DEBUG   2025-06-12 10:18:14,390 [pool-1-thread-1] org.apache.hc.client5.http.headers  - http-outgoing-1 << Via: 1.1 varnish
DEBUG   2025-06-12 10:18:14,390 [pool-1-thread-1] org.apache.hc.client5.http.headers  - http-outgoing-1 << X-Served-By: cache-lon4229-LON
DEBUG   2025-06-12 10:18:14,390 [pool-1-thread-1] org.apache.hc.client5.http.headers  - http-outgoing-1 << X-Cache: HIT
DEBUG   2025-06-12 10:18:14,390 [pool-1-thread-1] org.apache.hc.client5.http.headers  - http-outgoing-1 << X-Cache-Hits: 0
DEBUG   2025-06-12 10:18:14,391 [pool-1-thread-1] org.apache.hc.client5.http.headers  - http-outgoing-1 << X-Timer: S1749719896.247588,VS0,VE131
DEBUG   2025-06-12 10:18:14,391 [pool-1-thread-1] org.apache.hc.client5.http.headers  - http-outgoing-1 << Vary: Authorization,Accept-Encoding
DEBUG   2025-06-12 10:18:14,391 [pool-1-thread-1] org.apache.hc.client5.http.headers  - http-outgoing-1 << Access-Control-Allow-Origin: *
DEBUG   2025-06-12 10:18:14,391 [pool-1-thread-1] org.apache.hc.client5.http.headers  - http-outgoing-1 << Cross-Origin-Resource-Policy: cross-origin
DEBUG   2025-06-12 10:18:14,391 [pool-1-thread-1] org.apache.hc.client5.http.headers  - http-outgoing-1 << X-Fastly-Request-ID: ed66f4524014e25db90625ef31233d0a5dc62c9b
DEBUG   2025-06-12 10:18:14,391 [pool-1-thread-1] org.apache.hc.client5.http.headers  - http-outgoing-1 << Expires: Thu, 12 Jun 2025 09:23:16 GMT
DEBUG   2025-06-12 10:18:14,391 [pool-1-thread-1] org.apache.hc.client5.http.headers  - http-outgoing-1 << Source-Age: 0
DEBUG   2025-06-12 10:18:14,391 [pool-1-thread-1] org.apache.hc.client5.http.impl.classic.MainClientExec  - ex-00000002: connection can be kept alive for 3 MINUTES
DEBUG   2025-06-12 10:18:14,394 [pool-1-thread-1] org.apache.hc.client5.http.wire  - http-outgoing-1 << "[0x1f][0xffffff8b][0x8][0x0][0x0][0x0][0x0][0x0][0x0][0x3][0xffffff9d][0xffffff97]M[0xffffff8f][0xfffffff3][0xffffffb6][0x11][0xffffffc7][0xffffffef][0xfffffffb])[0x4][0xffffffe4][0xffffff92][0xffffffa0][0xffffffb1][0xffffffcc][0xfffffff7][0xffffff97][0x5]th[0xffffffd3]6[0xffffffcd]!)[0xffffff9a][0x4][0xffffffc8]Ykk[0xffffffbd][0xffffffca]cK[0xffffff86][0xffffffa4][0xffffffcd][0xffffffa6][0xfffffff9][0xfffffff4][0xffffff99]!9[0x12]M[0x5]E[0xffffffd0][0xffffffc3]b[0xffffffcd][0xffffff9f]e[0xffffffce][0xb]G[0xffffffc3][0xffffffff]|V[0xfffffffd][0xfffffff8][0xffffffd6][0xffffffcf][0xffffffd5]k[0x7f][0xffffffed][0xffffffaa][0xffffffd3]8,m?[0xffffffcc][0xffffffd5][0xfffffff2][0xffffffd6]U[0xffffff9f][0xffffff86][0xfffffff1]c[0xffffffa8][0xffffffce]S[0xffffffff]K7U[0xfffffff0]7[0xfffffff7]#|s[0x1a]o[0xfffffff7]v[0xffffffe9]_[0xffffffe0][0xffffffe9][0xffffff8f]~y[0xb]O[0xffffff9e][0xffffffc6]i[0xffffffea][0xffffffe6][0xfffffffb]8[0xffffff9c][0xfffffffb][0xffffffe1]R[0xffffffbd]L[0xffffffe3][0xffffffc7][0xffffffbc][0xfffffffd][0xffffffe4][0xffffffe9][0xffffffe9][0xffffffb3][0xffffffea][0xffffffa7][0xffffffbf]~[0xffffffff][0xffffffdd]7[0xffffffdf]}[0xfffffffd][0x1c]M[0xfffffff5][0xffffffc3][0xffffffeb]X[0xfffffff5]q[0xffffffab]k[0xffffffb7]t[0xffffffd7][0xffffffff]V[0xffffffe7][0xffffffee]>u[0xffffffa7]v[0xffffffe9][0xffffffce]U;W[0xffffffe3]k[0xfffffff5]S[0xfffffff7][0xfffffff2][0xfffffff7]`[0xfffffff9][0xffffffdb]vh/[0xffffffb0][0xffffff9b][0xffffffae]m[0xffffffcd][0xffffffea][0xffffffea][0xffffff9b]a^[0xffffffba][0xfffffff6][0xfffffffc][0xffffffe5][0xfffffffe][0xffffff81][0xfffffff7][0xffffffb9][0xffffff83]_[0xe][0xffffffd7]~[0xffffffe8][0xffffffaa][[0xffffffb7][0xffffffb4][0xffffffe7]vi[0xffffffab]e[0xffffffac][0xffffffce][0xfffffffd]|[0x1a]1[0x4][0xfffffff4][0xfffffff4]>[0xffffff8d]w[0xfffffff8]X[0x6][0xfffffff5]:N[0xffffffd5][0x5][0xffffffd0]P[0xffffffdd][0xffffffda][0xffffff9f][0xffffffe1]s[0x11][0xffffffc2][0xfffffffc]e5[0xffffffb4]7[0xfffffff0][0xfffffff3][0x19]b9T_[0xffffffbd]M[0xffffffe3][0xffffffad]{[0xffffffae][0xffffffbe]z[0xfffffffd][0xffffffb1][0xffffffea][0xffffff86][0xfffffff3]}[0xffffffec][0xffffff87]e[0xffffffae]>[0x7f][[0xffffff96][0xfffffffb][0xfffffffc]|<^[0xffffffc6][0xfffffff1]r[0xffffffed]N[0xffffffe1][0xffffffa1]k[0xfffffffb]2[0xffffffd7][0x17][0xffffffc8][0xffffffd3][0xfffffffb]K[0xffffffdd][0xffffff8f][0xffffffc7][0x8][0xf]`[0xffffffee][0xffffffb0]t[0xfffffff3][0x2][0xffffffd9]:[0xffffff86],[0x1f][0xffffffe0]7[0xffffffe7][0x3]Y;`b[0xf]g[0xffffffe0][0xffffffd7][0xffffffb1]=[0xffffffcf][0xfffffff5][0xffffffcf][0xfffffff3]8T[0xffffffed]p[0xffffffae][0xfffffffe]?[0xb][0xffffffd7]v^[0xe][0x7f][0xffffffd2][0xffffffcc][0x17]![0xffffffc0][0x7f][0xfffffff6]S[0xfffffff7]:[0xfffffffe][0xfffffffa][0xffffffbc][0x1a][0xffffff9c][0xffffffda][0xffffff8f]d[0x3][0xffffffb2]<a[0xffffff95]t[0xffffffc3]R[0xffffffc3][0xfffffff9][0x1d][0x7f][0xffffffe8][0xffffffae][0xffffffdd][0xffffffd0][0xffffffbf][0xffffffdf][0xfffffffe][0xfffffff5][0xffffff9f][0xffffffe3][0xffffff9c]>[0x1e][0xffffff97][0xffffffe9]}[0xfffffff8]t[0xffffff84]oo[0xffffffe3]p[0xffffffbc]t[0xffffffa7]Oc[0xffffffcc]w[0xfffffffe][0xfffffff9]0[0xffffffbf][0xffffffdf][0xffffffef][0xffffffe3][0xffffffb4][0x4][0xffffffab][0xffffffc1][0xffffffe8]?[0xffffffce][0xffffff97]n[0xffffffb3]x[0xffffff9b];X[0xffffffc7]g[0xffffffeb][0xfffffff6][0xffffffb7][0xfffffff7][0xffffffa9][0xffffffc3]u=t[0xffffffcb]1<[0xfffffffd]o8[0xffffffc6][0xfffffff6][0xffffffcf]8[0xfffffff8]2[0xe][0xfffffffd][0xffffffa5][0xffffff9d]N}{[0xfffffffc][0xffffffe8]^[0xffffffe2][0xffffff86][0xffffffb7]X2[0xffffffc7][0x1b]d[0x6][0xfffffffe][0xffffff9d][0xffffffc7][0xffffffd3]|[0xffffffbc][0xfffffff5][0xffffffd3]4NG,[0xffffff8f]6[0xffffff95][0xffffffc7][0xffffffe7][0xffffffb1][0x18]r[0xffffff94]rW5[0xffffffa9]P[0xffffff82][0x1b]+[0xfffffffd]K[0xffffffc5][0xffffffd5][0x17]X[0xffffffef][0x7f][0xffffff8b][0xfffffff5][0xfffffff3]\}[0x1d]N*UL8[0xffffffc3][0xfffffff0][0x11][0xffffffb2][0x4]1[0xffffffc4][0xfffffffa]}[0xffffffae][0xffffffe2][0xffffff99]E[0xb][0xfffffff0][0xffffffe3][0x1f][0xffffffc6][0xfffffff7][0xffffffe9][0xffffff94]R[0x1][0xffffffa1][0xffffffe5][0xffffffdf][0xffffffd6][0xffffffa7][0xfffffff4][0xffffffeb]z[0xffffff9c].[0xffffffc7][0xfffffff5][0xffffffe8][0xffffff9e][0xffffffe2]3[0xffffff9c][0xffffffab][0x6][0xfffffffe][0xffffffe0]5[0xffffffd1]V[0xffffffea][0xffffffda][0xffffffb3][0xffffff95]K[0xffffffe0][0x12][0xffffffb9][0xffffffb1][0xffffffa2]6r[0xffffffe5][0x2][0xffffffb8][0x8][0xffffff9c][0xffffffeb]Z[0xfffffff9][0xffffff95]s[0xffffffe0][0x1c][0xffffffb9]6[0xffffffb2]6j[0xffffffe5][0xc]8C[0xffffffae][0x1c][0xffffffaf][0xffffffad]%[0xffffffce]|[0x3][0x7f][0xffffff81][0xffffff83]y[0xffffffbb]>[0xffffffcf][0x1c]p[0xffffff87]\j_[[0xffffffbe]r[0xb][0xffffffdc][0x6][0xffffffce]Tm[0xffffffc4][0xffffffca][\r]p[0xffffff83]\(_[0xffffff9b][0xffffffed]y[\r]\#[0xffffffe7]^[0xffffffc3][0xffffff97]+[0xffffff87]xY[0xffffff88][0x17][0xffffffc3][0xffffffb0][0xffffffab][0xffffffff][0xc][0xffffffe2]e!^fX[0xffffffcd][0xffffffe5][0xffffffe6][0x10][0x4][0xffffffcc]B[0xffffffc0][0xc][0xfffffff6][0xffffffcb][0xc]@[0xffffffc0][0xc][0x3]V^[0xfffffff3]Zm[0x1c][0x2]f[0x18][0xffffffb0]r[0xffffffde][0xffffffd4][0xffffff86][0x12][0xffffffea]}[0xffffffe3]}[0xffffffa0]J[0xffffff81]m[0xffffffa2][0xffffffae][0xfffffff1][0x18][0xffffffac][0xffffffb2][0xffffffda][0xffffffd5]`[0xffffff86][0xffffffb0]m<[0xffffffc6][0xffffffaa][0xffffff8c][0x17][[0xe][0xffffffbc]i[0xffffffbc][0x9][0xffffffd4][0xffffffa8]Zi[0xffffffa2][0xffffffba][0xfffffff1]:P[0xffffffe9]jC[0xfffffff1]x[0xffffffd5]x[0x15]($[0x7][0xe][0xffffff92][0xffffffb0]l<[0x6][0xffffffa9][0xffffffb4][0xffffffb5][0xffffffdb][0xffffffa1]z[0xffffffd1]x[0x11]([0x1c])d[0xffffff99]0o|[0x8]PA[0x5]@[0xffffffac][0xffffff84]Y[0xffffffe3]C|J[0xffffffb2]ZP[0xffffff9e][0xffffff9c]o\[0xffffff88]O[0xffffffc2]?A;;[0xffffffd7][0xffffffb8][0x10][0xffffff9f][0x14][0xffffffaa][0xfffffff6][0xffffff86][0xffffffa8]m\[0x8]O8V;G[0xffffffd4]4.[0xffffff84]'[0x14][0xffffffec]K[0xffffffa9]p[0xffffffba]q!<[0xffffffee]d[0xffffffed][0xffffffc8]5[0xffffffa7][0x1a][0x17][0xffffffc2][0xffffffe3][0xffffffca][0xffffffd6][0xffffff92]r[0xffffffec]d[0xffffffe3]Btx[0xffffff92][0xffffff92]R[0xffffffe1]x[0xffffffe3]B[0x18][0xc]2[0xffffffcf][0xffffffe5]j[0xffffff8e]5[0xe][0xffffffc3][0xffffff90][0x1e]|[0xffffff81][0x12]J[0xffffffd8][0xfffffffa][0xffffffc6][0xfffffffa][0xffffff80][0xffffff95][0xffffffae][0xffffffe5]J]c][0xffffffa0]P;PW[0xffffff84]mc1[0x10][0xffffffe9][0xc][0xffffffbc][0xb][0xffffffe4][0xffffff86]5[0xffffff8d]5[0xffffff81]B[0xffffff81]s[0xffffffb1][0xffffffee][0xffffffa1][0x1b][0xffffff8b][0xffffff91]Hk[0xffffffa1][0xffffffc0][0xffffffb6][0xffffffa7]UcU[0xffffffc0][0x2][0xffffffea][0xffffff97][0xffffffa0]l,F"[\r][0x4]d[0xffffffc8]e+[0x1a][0x1]'J+[0xfffffffe][0xffffffb0]b[0xffffffb8]"[0xffffffc7][0xffffff8c][0xffffffc7][0x15][0xffffff9d][0xffffff8d]q[0xffffffb8][0xffffffa2][0xffffff8c][0x1a][0xffffff8b]+:McpE[0xffffffce][0x18][\r][0xffffffab]5EF[0xffffffe1][0xffffff8a]rn$[0xffffffae][0xffffffc8][0xffffff9e]A_[0xffffffe4]j[0xf]}Y[0xffffffdf][0x19][0xffffff83][0xffffffbe]H[0xfffffff9][0xffffffd0][0xffffffd5][0xffffffbe][0x1d][0x7f][0xffffffeb][0xffffffaf][0xffffffd7][0xffffff96][0xffffffee][0xffffff89][0xffffffac][0xffffff95]e[0x1d][0xffffffbe][0xffffffe8]d[0xffffffe1][0xffffffde][0xffffff8a][0xffffffd7][0x14][0xffffffb6][0xffffffe5][[0xffffffdc][0xffffffe2][0xffffffe1]z[0xffffff98][0xffffffe0][0x2]i[0xffffffe1][0x16][0x7f]z[0xffffff8d][0xfffffffb]r![0x1a]H[0x1b]$t#|G[0x18][0x12][0xffffff99][0x11][0xffffffee]w[0xffffffc4][0xffffffed][0xffffff88][0xffffffdd][0x11][0xffffffb3]#zG[0xffffffd4][0xffffff8e][0xffffffc8][0x1d][0x11];[0xffffffc2]w$[0xfffffff8],j[0xffffffb1][0x12][0xffffffe6]#[0xffffffd9][0xffffff9e]anG[0xffffffec][0xffffff8e][0xffffff98][0x1d][0xffffffd1];[0x12]|[0xffffffe6]9[0xffffff91];"v[0xffffff84][0xffffffef][0x8]+[0xffffff88][0xfffffff7]%p%[0xffffffb0]%0%[0xffffffd0]%([0xffffffbd][0xfffffff5][0xffffffa5][0xffffffb3][0xffffffbe][0xfffffff4][0xffffffd5][0xffffff97][0xffffffae]z[0xfffffff4][0x14][0xffffffde][0xffffffbf][0xc][0xffffffd4][0xffffffa0][\n]"
DEBUG   2025-06-12 10:18:14,395 [pool-1-thread-1] org.apache.hc.client5.http.wire  - http-outgoing-1 << "[0xffffffdf][0x7f][0xffffff8d][0xffffff98][0x13]v[0xffffffbe]x[0xffffffce][0xffffffb9][0x12][0xffffffd8][0x12][0xffffff98][0x12][0xffffffe8][0x12][0xffffffa8][0x12]`[0x0][0xffffffc2]e@[0xffffff94][0x0][0x3][0x10]6[0x3][0xffffffac][0x0][0xffffffd6][0xffffff97] xj2`K`J[0xffffffa0]K[0xffffffa0]J K J[0xffffffc0]K[0xffffffc0][\n]"
DEBUG   2025-06-12 10:18:14,395 [pool-1-thread-1] org.apache.hc.client5.http.wire  - http-outgoing-1 << "`|[0x9][0xffffff82][0xffffffa7]:[0x3][0xffffffc1][0xffffffd3][0xffffffec][\r]6[0xffffffa6][0x4][0xffffffba][0x4][0xffffffc1][0xffffffd3][0xffffffec][0x5]2[0xffffffb2][0x4][0xffffffc1][0xffffffd3][0xffffffac][0xffffffec]M[0xfffffff0]4+[\n]"
DEBUG   2025-06-12 10:18:14,395 [pool-1-thread-1] org.apache.hc.client5.http.wire  - http-outgoing-1 << "[0xffffffc3][\n]"
DEBUG   2025-06-12 10:18:14,395 [pool-1-thread-1] org.apache.hc.client5.http.wire  - http-outgoing-1 << "[0xffffffa0]}[0x9]\[0x9]l[0x9][0xffffff82][0xffffffa7],[0x3][0xffffff9a]@[0xffffffde][0x1d][0xffffffa3]&[0xffffffdc]zb[0xffffffa6][0x1f][0xffffffff]wO[0xc][0xf][0xffffffce][0xffffffe3][0xffffffeb][0xfffffff2][0xffffffd1]N]\[0xffffff91][0xffffffde]+;d[0xfffffff8]2[0xffffffe8](t[0x10][0xffffff94][0xffffff8c][0xffffffb1][0xffffffe1][0x1a]J[0x1c]t[0x14][0xffffffba][0x5][0xffffff8a][0x5]t[0xffffff8a]`+[0x7][0x1d][0xffffffc5]}[0xffffffe0]p!r[0xffffffb8][0xffffffef][0x13]G[0xffffffdd][0x18]t[0xffffff9a][0x7]E[0xffffffe1]<a[0xffffff94][0xffffff8d]A[0xffffffa6]y[0xffffff90]#\[\n]"
DEBUG   2025-06-12 10:18:14,395 [pool-1-thread-1] org.apache.hc.client5.http.wire  - http-outgoing-1 << "[0xffffffe2]([0x1b][0xffffff83]Ls[0xffffffb0][0xffffff8d][0xffffffb7][0xffffff84]Q5[0x6][0xffffff95]f[0xffffffe1][0xffffff8d][0xffffffe3] u[0x12]g[0xffffffb9]*[0xffffff85][0xffffffe6][0x17]9[0xfffffff4][0xffffff8f]L[0xffffff94]r[0xffffff91][0xffffffb6][0xffffff81].[0xffffff92]iRG[0xffffffd4]>(R[0xffffff9d][0xffffffa8][0xffffffc9][0xfffffff5]([0xffffffa7]8[0xffffffbd][0xffffffce][0xffffffe5](d"a[0xffffff95][0xffffffab]Q[0xffffff9f][0xffffffa2][0xfffffff4]"
DEBUG   2025-06-12 10:18:14,396 [pool-1-thread-1] org.apache.hc.client5.http.wire  - http-outgoing-1 << "2[0xffffffd7][0xffffffa2] `"[0x15][0xffffffb9][0x12][0xffffff85][0xffffffa4]%[0xffffffcc]s![0xffffff8a][0x1a]/b[0xffffff96][0xffffffeb]P[0xffffff97][0x2]w>W[0xffffffa1][0xffffffc6]$[0xffffffea][\n]"
DEBUG   2025-06-12 10:18:14,396 [pool-1-thread-1] org.apache.hc.client5.http.wire  - http-outgoing-1 << "[0x9][0x1a][0xffffffa9][0xffffffcd][0x5][0xffffffa8]I[0x7][0xffffffe3]L.?[0xffffffd7][0x14]A[0xffffffd3]y[0xffffff90][0xffffff9f][0x11][0xffffffaa]L}[0xffffffba][0xffffffe4][0x18]4[0xffffff9f][0x7][0xffffffed][0x19][0xffffffa1]x[0xffffff94][0xffffff9e][0x11][0xfffffff2]Lyj[0xffffffb2][0xffffffcf]2[0xffffffe1]I[0xffffffae]B3z[0xffffff90][0xffffff9d][0x11][0xffffffba]BuFj3[0xffffffd1]i[0x9][0xffffff9a]Lr[0xffffffba]d[0x1e][0xffffffba][0xffffffd3][0xffffffa6]8[0xffffffc9]{[0xffffffe8]P[0xffffff9b][0xffffffe0][0xffffff84][0x4]'*3[0xffffffc1]ihS[0xffffff91][0xffffffe9]M[0xffffff97][0xe][0x1c][0xffffffda][0xffffffd5]&7[0xffffffd7][0xffffffc3][0xffffff82][0xffffff9e][0xffffffb5][0xffffffc9]M[0xffffffaa]u[0xffffffe8][[0xffffff9b][0xffffffda][0xffffffa4][0xffffff8a][0xffffff86][0xffffffde][0xffffff95][0xffffff89]M[0xffffff9e]B[0xffffff85][0x6][0xffffff96]k[0xffffffcd]d[0xb][0xffffffba][0xffffffd8]&5-[0xffffffed][0xffffffaa]3[0xffffffa5]I[0xffffffa5][0xc][0xffffffdd]l[0xffffffd3][0xffffff99]kqBK[0xffffffcb]t&[0xffffffbd]j[0xffffffd0][0xffffffd7]2[0xffffff99][0xffffffb9][0xffffffda]J[0xfffffff2]0,[0xffffffb4][0xffffffcf][0x17]I[0x1c][0xffffffc6]E[0xffffffd2][0xffffff86]q[0xffffff91][0xffffffa4]a\$e[0x18][0x17]I[0x18][0xffffffc6]E[0xffffffd2][0xffffff85]q[0xffffff91]da\[0xfffffff0][0xffffffa8][0x3][0xffffffe3][0xffffff82]e[0xb][0xffffff85][0x1e][0xffffff90][0xffffffc7][\n]"
DEBUG   2025-06-12 10:18:14,396 [pool-1-thread-1] org.apache.hc.client5.http.wire  - http-outgoing-1 << "=[0xffffff90][0xffffffc9][0xffffff8e]B[0xf]DJ[0xffffff86]2q[0xfffffff1] $[0xfffffffb][0xffffffd3]4b[0xffffffc7][0xb][0xffffffd3][0x7f][0xffffffd6]3[0xfffffff3][0xfffffff1][0xffffffff][0xf][0xffffff9a][0xffffffe6][0xffffffb9][0xfffffffb][0xffffffa5][0xffffffbb][0xffffffe2][0xffffffae][0xfffffff5][0xffffff8d]v[0x8][0x1d][0xffffffb4][0x1b][0xe][0xffffffef]8[0xffffffca]'v[0xffffffc0]M[0xffffff8e][0xffffffcb]8^[0xffffffe7]m[0xfffffff8]?>![0xffffffdd]fe[0xffffffee][0xffffffe0]&[0xffffffe1].Q[0xffffff9a][0xffffff94][0xffffffb9][0x5]![0xf][0xffffff99][0xffffff8c][0xffffff94][0xffffffe6]dnE([0xffffffe4]HiJ[0xffffffe6][0xffffffc6]p[0xffffff9c]b#[0xffffffa5][0x19][0xffffff99]k[0xffffffa8][0xf][0xffffffc8]^[0xffffffa0][0xffffffeb][0xffffff84][0xffffffcc]54Z[0xffffff9b][0xffffffac][0xffffffad][0xfffffff3]1W[0x6][0xfffffff6]5[0xffffff89][0xffffffd2]t[0xc][\r][0x1d][0xffffffef][0xfffffffc][0x8]i4[0xffffffe6][0xffffffd2][0xffffffe2][\r][0xffffff9b]([\r][0xffffffc6]0[0xffffffe3]J[0xffffffe8]`[0xffffff89][0xffffffd2]X[0xffffffcc][0x5][0xffffffbc][0xffffffa9][0xffffff96]v[0xffffffa0][0xffffffa1][0x18][0xffffffa6][0x18][0xffffffb5][0x6][0xffffffb1]N[0xffffffc4]p[0x1b]h[0xffffff9c]2"[0xffffffa5]y[0x18][0xffffffae][0x17][0xffffffb6][0xffffffed]K[0xffffffd3]0\[0x16][0x1a]g2[0xffffffa4]4[0xb]C[0xffffffeb][0xffffffc7]F[0x11]Y[0xffffff9a][0xffffff84]9F[0xffffff97][0x12]Cc0[0xffffff84]&V[0xffffff96][0xffffff86]`[0xffffff88]A[0xffffffad],[0xffffff8d][0xffffffc0][0xffffffe0][0xffffffd5]j[0xffffff99][0x6]`[0xf]=F[0xfffffff2][0xffffff88][0xffffffd2][0xfffffff0][0xffffffeb]![0xfffffff5]2=[0xffffff95]&_[0xffffffcf]6[0x3]i[0xffffffea]u[0xffffffd8][0xffffffe9][0xffffffd2][0xf][0xffffffd3][0xffffffc4][0xffffffeb] [0xffffffb0]Hh[0xffffffda][0xffffffc5][0x13][0xffffff8f][0x7]C[0xffffff93][0xffffffae][0xffffff85][0xffffffdc][0xffffffa6][0xffffff9f][0xffffffd1][0xffffff98]k[0xffffff8c]OGB#[0xffffffae][0xffffff81][0xffffff92]01[0x17]4[0xffffffdf]jLpz*[\r][0xffffffb7]:[0x8][0xffffff9a]@h[0xffffffb0][0xffffff85][0xffffffd6][0xffffffa0][0xffffff93]=[0xffffffe8]^[0xffffffb1]{z[0xfffffff2][0xffffff89][0xffffffe6]\[0xffffffb8]g[0xffffffd3]Q[0xffffffad]3.D[0xc]u[0x17][0xffffffd8]:[0xffffffe0]b[0xffffffcd]F[0xffffff92][0xffffff86][a[0xffffffa9]th[0xffffffae][0x15]r%i[0xffffffa6][0xffffffc5][0xffffffb6][0xffffff98]H[0x1a]g[0xffffffb9]D[0xffffffb9][0x10][0xffffff90]R[0xffffffcd]}[0xffffffea][0xe][0xfffffffd]0/[0xffffffed][0xfffffff5][0xffffffda][0xffffff9d]#[0x14][0xffffff8d][0xffffffc1][0xffffff9b]][0xffffffc6]:Q[0xffffffbc][0xffffff81][0x16]f[0xffffff84][0xffffff8f][0xffffffe1]+[0xffffffd6]@[0xffffff9f][0xffffff84][0xffffffdb].[0xffffff9e][0xffffff87]t[\r][0xffffffbc]XJ[0xfffffffa][0xffffffb8][0x14][0xffffffd8]t[0xffffffe0][0xffffffa4]][0xffffffac][0x11][0xffffff98][0xffffffdb][0xfffffff0][0xffffffca][0xffffff86]~[0xfffffffd][0xfffffff4];2[0x18][0xfffffffe][0xffffff94][0xffffff82][0x16][0x0][0x0]"
DEBUG   2025-06-12 10:18:14,397 [pool-1-thread-1] org.apache.hc.client5.http.impl.classic.InternalHttpClient  - ep-00000001: releasing valid endpoint
DEBUG   2025-06-12 10:18:14,397 [pool-1-thread-1] org.apache.hc.client5.http.impl.io.PoolingHttpClientConnectionManager  - ep-00000001: releasing endpoint
DEBUG   2025-06-12 10:18:14,397 [pool-1-thread-1] org.apache.hc.client5.http.impl.io.PoolingHttpClientConnectionManager  - ep-00000001: connection http-outgoing-1 can be kept alive for 3 MINUTES
DEBUG   2025-06-12 10:18:14,397 [pool-1-thread-1] org.apache.hc.client5.http.impl.io.PoolingHttpClientConnectionManager  - ep-00000001: connection released [route: {s}->https://raw.githubusercontent.com:443][total available: 1; route allocated: 1 of 5; total allocated: 2 of 25]
DEBUG   2025-06-12 10:18:14,397 [pool-1-thread-1] io.github.bonigarcia.wdm.versions.VersionDetector  - Driver for chrome137 not found in online properties (using local version.properties)
DEBUG   2025-06-12 10:18:14,398 [pool-1-thread-1] io.github.bonigarcia.wdm.WebDriverManager  - The driver version for Chrome 137 is unknown ... trying with latest
DEBUG   2025-06-12 10:18:14,400 [pool-1-thread-1] org.apache.hc.client5.http.impl.classic.InternalHttpClient  - ex-00000003: preparing request execution
DEBUG   2025-06-12 10:18:14,400 [pool-1-thread-1] org.apache.hc.client5.http.protocol.RequestAddCookies  - Cookie spec selected: strict
DEBUG   2025-06-12 10:18:14,400 [pool-1-thread-1] org.apache.hc.client5.http.protocol.RequestAuthCache  - Auth cache not set in the context
DEBUG   2025-06-12 10:18:14,400 [pool-1-thread-1] org.apache.hc.client5.http.impl.classic.ProtocolExec  - ex-00000003: target auth state: UNCHALLENGED
DEBUG   2025-06-12 10:18:14,400 [pool-1-thread-1] org.apache.hc.client5.http.impl.classic.ProtocolExec  - ex-00000003: proxy auth state: UNCHALLENGED
DEBUG   2025-06-12 10:18:14,400 [pool-1-thread-1] org.apache.hc.client5.http.impl.classic.ConnectExec  - ex-00000003: acquiring connection with route {s}->https://chromedriver.storage.googleapis.com:443
DEBUG   2025-06-12 10:18:14,400 [pool-1-thread-1] org.apache.hc.client5.http.impl.classic.InternalHttpClient  - ex-00000003: acquiring endpoint (3 MINUTES)
DEBUG   2025-06-12 10:18:14,400 [pool-1-thread-1] org.apache.hc.client5.http.impl.io.PoolingHttpClientConnectionManager  - ex-00000003: endpoint lease request (3 MINUTES) [route: {s}->https://chromedriver.storage.googleapis.com:443][total available: 1; route allocated: 1 of 5; total allocated: 2 of 25]
DEBUG   2025-06-12 10:18:14,400 [pool-1-thread-1] org.apache.hc.client5.http.impl.io.PoolingHttpClientConnectionManager  - ex-00000003: endpoint leased [route: {s}->https://chromedriver.storage.googleapis.com:443][total available: 1; route allocated: 2 of 5; total allocated: 3 of 25]
DEBUG   2025-06-12 10:18:14,401 [pool-1-thread-1] org.apache.hc.client5.http.impl.io.PoolingHttpClientConnectionManager  - ex-00000003: acquired ep-00000002
DEBUG   2025-06-12 10:18:14,401 [pool-1-thread-1] org.apache.hc.client5.http.impl.classic.InternalHttpClient  - ex-00000003: acquired endpoint ep-00000002
DEBUG   2025-06-12 10:18:14,401 [pool-1-thread-1] org.apache.hc.client5.http.impl.classic.ConnectExec  - ex-00000003: opening connection {s}->https://chromedriver.storage.googleapis.com:443
DEBUG   2025-06-12 10:18:14,401 [pool-1-thread-1] org.apache.hc.client5.http.impl.classic.InternalHttpClient  - ep-00000002: connecting endpoint (30 SECONDS)
DEBUG   2025-06-12 10:18:14,401 [pool-1-thread-1] org.apache.hc.client5.http.impl.io.PoolingHttpClientConnectionManager  - ep-00000002: connecting endpoint to https://chromedriver.storage.googleapis.com:443 (30 SECONDS)
DEBUG   2025-06-12 10:18:14,401 [pool-1-thread-1] org.apache.hc.client5.http.impl.io.DefaultHttpClientConnectionOperator  - http-outgoing-2: connecting to chromedriver.storage.googleapis.com/142.250.117.207:443
DEBUG   2025-06-12 10:18:14,401 [pool-1-thread-1] org.apache.hc.client5.http.ssl.SSLConnectionSocketFactory  - Connecting socket to chromedriver.storage.googleapis.com/142.250.117.207:443 with timeout 30 SECONDS
DEBUG   2025-06-12 10:18:14,424 [pool-1-thread-1] org.apache.hc.client5.http.ssl.SSLConnectionSocketFactory  - Enabled protocols: [TLSv1.3, TLSv1.2]
DEBUG   2025-06-12 10:18:14,424 [pool-1-thread-1] org.apache.hc.client5.http.ssl.SSLConnectionSocketFactory  - Enabled cipher suites:[TLS_AES_256_GCM_SHA384, TLS_AES_128_GCM_SHA256, TLS_CHACHA20_POLY1305_SHA256, TLS_ECDHE_ECDSA_WITH_AES_256_GCM_SHA384, TLS_ECDHE_ECDSA_WITH_AES_128_GCM_SHA256, TLS_ECDHE_ECDSA_WITH_CHACHA20_POLY1305_SHA256, TLS_ECDHE_RSA_WITH_AES_256_GCM_SHA384, TLS_ECDHE_RSA_WITH_CHACHA20_POLY1305_SHA256, TLS_ECDHE_RSA_WITH_AES_128_GCM_SHA256, TLS_DHE_RSA_WITH_AES_256_GCM_SHA384, TLS_DHE_RSA_WITH_CHACHA20_POLY1305_SHA256, TLS_DHE_DSS_WITH_AES_256_GCM_SHA384, TLS_DHE_RSA_WITH_AES_128_GCM_SHA256, TLS_DHE_DSS_WITH_AES_128_GCM_SHA256, TLS_ECDHE_ECDSA_WITH_AES_256_CBC_SHA384, TLS_ECDHE_RSA_WITH_AES_256_CBC_SHA384, TLS_ECDHE_ECDSA_WITH_AES_128_CBC_SHA256, TLS_ECDHE_RSA_WITH_AES_128_CBC_SHA256, TLS_DHE_RSA_WITH_AES_256_CBC_SHA256, TLS_DHE_DSS_WITH_AES_256_CBC_SHA256, TLS_DHE_RSA_WITH_AES_128_CBC_SHA256, TLS_DHE_DSS_WITH_AES_128_CBC_SHA256, TLS_ECDHE_ECDSA_WITH_AES_256_CBC_SHA, TLS_ECDHE_RSA_WITH_AES_256_CBC_SHA, TLS_ECDHE_ECDSA_WITH_AES_128_CBC_SHA, TLS_ECDHE_RSA_WITH_AES_128_CBC_SHA, TLS_DHE_RSA_WITH_AES_256_CBC_SHA, TLS_DHE_DSS_WITH_AES_256_CBC_SHA, TLS_DHE_RSA_WITH_AES_128_CBC_SHA, TLS_DHE_DSS_WITH_AES_128_CBC_SHA, TLS_RSA_WITH_AES_256_GCM_SHA384, TLS_RSA_WITH_AES_128_GCM_SHA256, TLS_RSA_WITH_AES_256_CBC_SHA256, TLS_RSA_WITH_AES_128_CBC_SHA256, TLS_RSA_WITH_AES_256_CBC_SHA, TLS_RSA_WITH_AES_128_CBC_SHA, TLS_EMPTY_RENEGOTIATION_INFO_SCSV]
DEBUG   2025-06-12 10:18:14,424 [pool-1-thread-1] org.apache.hc.client5.http.ssl.SSLConnectionSocketFactory  - Starting handshake
DEBUG   2025-06-12 10:18:14,463 [pool-1-thread-1] org.apache.hc.client5.http.ssl.SSLConnectionSocketFactory  - Secure session established
DEBUG   2025-06-12 10:18:14,463 [pool-1-thread-1] org.apache.hc.client5.http.ssl.SSLConnectionSocketFactory  -  negotiated protocol: TLSv1.3
DEBUG   2025-06-12 10:18:14,463 [pool-1-thread-1] org.apache.hc.client5.http.ssl.SSLConnectionSocketFactory  -  negotiated cipher suite: TLS_AES_256_GCM_SHA384
DEBUG   2025-06-12 10:18:14,463 [pool-1-thread-1] org.apache.hc.client5.http.ssl.SSLConnectionSocketFactory  -  peer principal: CN=*.storage.googleapis.com
DEBUG   2025-06-12 10:18:14,463 [pool-1-thread-1] org.apache.hc.client5.http.ssl.SSLConnectionSocketFactory  -  peer alternative names: [*.storage.googleapis.com, *.googleapis.com, commondatastorage.googleapis.com, *.commondatastorage.googleapis.com, storage.googleapis.com, storage-p2.googleapis.com, *.storage-p2.googleapis.com, storage.mtls.googleapis.com, *.appspot.com.storage.googleapis.com, *.content-storage.googleapis.com, *.content-storage-p2.googleapis.com, *.content-storage-upload.googleapis.com, *.content-storage-download.googleapis.com, *.storage-upload.googleapis.com, *.storage-download.googleapis.com]
DEBUG   2025-06-12 10:18:14,463 [pool-1-thread-1] org.apache.hc.client5.http.ssl.SSLConnectionSocketFactory  -  issuer principal: CN=WR2, O=Google Trust Services, C=US
DEBUG   2025-06-12 10:18:14,463 [pool-1-thread-1] org.apache.hc.client5.http.impl.io.DefaultHttpClientConnectionOperator  - http-outgoing-2: connection established 10.121.201.4:56041<->142.250.117.207:443
DEBUG   2025-06-12 10:18:14,463 [pool-1-thread-1] org.apache.hc.client5.http.impl.io.PoolingHttpClientConnectionManager  - ep-00000002: connected http-outgoing-2
DEBUG   2025-06-12 10:18:14,463 [pool-1-thread-1] org.apache.hc.client5.http.impl.classic.InternalHttpClient  - ep-00000002: endpoint connected
DEBUG   2025-06-12 10:18:14,463 [pool-1-thread-1] org.apache.hc.client5.http.impl.classic.MainClientExec  - ex-00000003: executing GET /LATEST_RELEASE HTTP/1.1
DEBUG   2025-06-12 10:18:14,463 [pool-1-thread-1] org.apache.hc.client5.http.impl.classic.InternalHttpClient  - ep-00000002: start execution ex-00000003
DEBUG   2025-06-12 10:18:14,463 [pool-1-thread-1] org.apache.hc.client5.http.impl.io.PoolingHttpClientConnectionManager  - ep-00000002: executing exchange ex-00000003 over http-outgoing-2
DEBUG   2025-06-12 10:18:14,464 [pool-1-thread-1] org.apache.hc.client5.http.headers  - http-outgoing-2 >> GET /LATEST_RELEASE HTTP/1.1
DEBUG   2025-06-12 10:18:14,464 [pool-1-thread-1] org.apache.hc.client5.http.headers  - http-outgoing-2 >> user-agent: Apache-HttpClient/5.0
DEBUG   2025-06-12 10:18:14,464 [pool-1-thread-1] org.apache.hc.client5.http.headers  - http-outgoing-2 >> accept-encoding: gzip, deflate, br
DEBUG   2025-06-12 10:18:14,464 [pool-1-thread-1] org.apache.hc.client5.http.headers  - http-outgoing-2 >> cache-control: max-age=0
DEBUG   2025-06-12 10:18:14,464 [pool-1-thread-1] org.apache.hc.client5.http.headers  - http-outgoing-2 >> Host: chromedriver.storage.googleapis.com
DEBUG   2025-06-12 10:18:14,464 [pool-1-thread-1] org.apache.hc.client5.http.headers  - http-outgoing-2 >> Connection: keep-alive
DEBUG   2025-06-12 10:18:14,464 [pool-1-thread-1] org.apache.hc.client5.http.wire  - http-outgoing-2 >> "GET /LATEST_RELEASE HTTP/1.1[\r][\n]"
DEBUG   2025-06-12 10:18:14,464 [pool-1-thread-1] org.apache.hc.client5.http.wire  - http-outgoing-2 >> "user-agent: Apache-HttpClient/5.0[\r][\n]"
DEBUG   2025-06-12 10:18:14,464 [pool-1-thread-1] org.apache.hc.client5.http.wire  - http-outgoing-2 >> "accept-encoding: gzip, deflate, br[\r][\n]"
DEBUG   2025-06-12 10:18:14,464 [pool-1-thread-1] org.apache.hc.client5.http.wire  - http-outgoing-2 >> "cache-control: max-age=0[\r][\n]"
DEBUG   2025-06-12 10:18:14,464 [pool-1-thread-1] org.apache.hc.client5.http.wire  - http-outgoing-2 >> "Host: chromedriver.storage.googleapis.com[\r][\n]"
DEBUG   2025-06-12 10:18:14,464 [pool-1-thread-1] org.apache.hc.client5.http.wire  - http-outgoing-2 >> "Connection: keep-alive[\r][\n]"
DEBUG   2025-06-12 10:18:14,464 [pool-1-thread-1] org.apache.hc.client5.http.wire  - http-outgoing-2 >> "[\r][\n]"
DEBUG   2025-06-12 10:18:14,488 [pool-1-thread-1] org.apache.hc.client5.http.wire  - http-outgoing-2 << "HTTP/1.1 200 OK[\r][\n]"
DEBUG   2025-06-12 10:18:14,488 [pool-1-thread-1] org.apache.hc.client5.http.wire  - http-outgoing-2 << "X-GUploader-UploadID: ABgVH89sMnbPwfyeZ8l4Pjjw3bwSaRxNn-LsBbKQRZJLgyg7oafc2_6ADGZBkRbM9JhNn9nm[\r][\n]"
DEBUG   2025-06-12 10:18:14,488 [pool-1-thread-1] org.apache.hc.client5.http.wire  - http-outgoing-2 << "x-goog-generation: 1685523462105569[\r][\n]"
DEBUG   2025-06-12 10:18:14,488 [pool-1-thread-1] org.apache.hc.client5.http.wire  - http-outgoing-2 << "x-goog-metageneration: 1[\r][\n]"
DEBUG   2025-06-12 10:18:14,488 [pool-1-thread-1] org.apache.hc.client5.http.wire  - http-outgoing-2 << "x-goog-stored-content-encoding: identity[\r][\n]"
DEBUG   2025-06-12 10:18:14,488 [pool-1-thread-1] org.apache.hc.client5.http.wire  - http-outgoing-2 << "x-goog-stored-content-length: 13[\r][\n]"
DEBUG   2025-06-12 10:18:14,488 [pool-1-thread-1] org.apache.hc.client5.http.wire  - http-outgoing-2 << "x-goog-hash: crc32c=tVW4TA==[\r][\n]"
DEBUG   2025-06-12 10:18:14,489 [pool-1-thread-1] org.apache.hc.client5.http.wire  - http-outgoing-2 << "x-goog-hash: md5=NoaEuIlBlniwTkiZ1T16sA==[\r][\n]"
DEBUG   2025-06-12 10:18:14,489 [pool-1-thread-1] org.apache.hc.client5.http.wire  - http-outgoing-2 << "x-goog-storage-class: STANDARD[\r][\n]"
DEBUG   2025-06-12 10:18:14,489 [pool-1-thread-1] org.apache.hc.client5.http.wire  - http-outgoing-2 << "Accept-Ranges: bytes[\r][\n]"
DEBUG   2025-06-12 10:18:14,489 [pool-1-thread-1] org.apache.hc.client5.http.wire  - http-outgoing-2 << "Content-Length: 13[\r][\n]"
DEBUG   2025-06-12 10:18:14,489 [pool-1-thread-1] org.apache.hc.client5.http.wire  - http-outgoing-2 << "Server: UploadServer[\r][\n]"
DEBUG   2025-06-12 10:18:14,489 [pool-1-thread-1] org.apache.hc.client5.http.wire  - http-outgoing-2 << "Date: Thu, 12 Jun 2025 08:32:15 GMT[\r][\n]"
DEBUG   2025-06-12 10:18:14,489 [pool-1-thread-1] org.apache.hc.client5.http.wire  - http-outgoing-2 << "Expires: Thu, 12 Jun 2025 09:32:15 GMT[\r][\n]"
DEBUG   2025-06-12 10:18:14,489 [pool-1-thread-1] org.apache.hc.client5.http.wire  - http-outgoing-2 << "Cache-Control: public, max-age=3600[\r][\n]"
DEBUG   2025-06-12 10:18:14,489 [pool-1-thread-1] org.apache.hc.client5.http.wire  - http-outgoing-2 << "Age: 2761[\r][\n]"
DEBUG   2025-06-12 10:18:14,489 [pool-1-thread-1] org.apache.hc.client5.http.wire  - http-outgoing-2 << "Last-Modified: Wed, 31 May 2023 08:57:42 GMT[\r][\n]"
DEBUG   2025-06-12 10:18:14,489 [pool-1-thread-1] org.apache.hc.client5.http.wire  - http-outgoing-2 << "ETag: "368684b889419678b04e4899d53d7ab0"[\r][\n]"
DEBUG   2025-06-12 10:18:14,489 [pool-1-thread-1] org.apache.hc.client5.http.wire  - http-outgoing-2 << "Content-Type: text/plain[\r][\n]"
DEBUG   2025-06-12 10:18:14,489 [pool-1-thread-1] org.apache.hc.client5.http.wire  - http-outgoing-2 << "Alt-Svc: h3=":443"; ma=2592000,h3-29=":443"; ma=2592000[\r][\n]"
DEBUG   2025-06-12 10:18:14,489 [pool-1-thread-1] org.apache.hc.client5.http.wire  - http-outgoing-2 << "[\r][\n]"
DEBUG   2025-06-12 10:18:14,489 [pool-1-thread-1] org.apache.hc.client5.http.wire  - http-outgoing-2 << "114.0.5735.90"
DEBUG   2025-06-12 10:18:14,489 [pool-1-thread-1] org.apache.hc.client5.http.headers  - http-outgoing-2 << HTTP/1.1 200 OK
DEBUG   2025-06-12 10:18:14,489 [pool-1-thread-1] org.apache.hc.client5.http.headers  - http-outgoing-2 << X-GUploader-UploadID: ABgVH89sMnbPwfyeZ8l4Pjjw3bwSaRxNn-LsBbKQRZJLgyg7oafc2_6ADGZBkRbM9JhNn9nm
DEBUG   2025-06-12 10:18:14,489 [pool-1-thread-1] org.apache.hc.client5.http.headers  - http-outgoing-2 << x-goog-generation: 1685523462105569
DEBUG   2025-06-12 10:18:14,489 [pool-1-thread-1] org.apache.hc.client5.http.headers  - http-outgoing-2 << x-goog-metageneration: 1
DEBUG   2025-06-12 10:18:14,489 [pool-1-thread-1] org.apache.hc.client5.http.headers  - http-outgoing-2 << x-goog-stored-content-encoding: identity
DEBUG   2025-06-12 10:18:14,489 [pool-1-thread-1] org.apache.hc.client5.http.headers  - http-outgoing-2 << x-goog-stored-content-length: 13
DEBUG   2025-06-12 10:18:14,489 [pool-1-thread-1] org.apache.hc.client5.http.headers  - http-outgoing-2 << x-goog-hash: crc32c=tVW4TA==
DEBUG   2025-06-12 10:18:14,489 [pool-1-thread-1] org.apache.hc.client5.http.headers  - http-outgoing-2 << x-goog-hash: md5=NoaEuIlBlniwTkiZ1T16sA==
DEBUG   2025-06-12 10:18:14,489 [pool-1-thread-1] org.apache.hc.client5.http.headers  - http-outgoing-2 << x-goog-storage-class: STANDARD
DEBUG   2025-06-12 10:18:14,489 [pool-1-thread-1] org.apache.hc.client5.http.headers  - http-outgoing-2 << Accept-Ranges: bytes
DEBUG   2025-06-12 10:18:14,489 [pool-1-thread-1] org.apache.hc.client5.http.headers  - http-outgoing-2 << Content-Length: 13
DEBUG   2025-06-12 10:18:14,489 [pool-1-thread-1] org.apache.hc.client5.http.headers  - http-outgoing-2 << Server: UploadServer
DEBUG   2025-06-12 10:18:14,489 [pool-1-thread-1] org.apache.hc.client5.http.headers  - http-outgoing-2 << Date: Thu, 12 Jun 2025 08:32:15 GMT
DEBUG   2025-06-12 10:18:14,490 [pool-1-thread-1] org.apache.hc.client5.http.headers  - http-outgoing-2 << Expires: Thu, 12 Jun 2025 09:32:15 GMT
DEBUG   2025-06-12 10:18:14,490 [pool-1-thread-1] org.apache.hc.client5.http.headers  - http-outgoing-2 << Cache-Control: public, max-age=3600
DEBUG   2025-06-12 10:18:14,490 [pool-1-thread-1] org.apache.hc.client5.http.headers  - http-outgoing-2 << Age: 2761
DEBUG   2025-06-12 10:18:14,490 [pool-1-thread-1] org.apache.hc.client5.http.headers  - http-outgoing-2 << Last-Modified: Wed, 31 May 2023 08:57:42 GMT
DEBUG   2025-06-12 10:18:14,490 [pool-1-thread-1] org.apache.hc.client5.http.headers  - http-outgoing-2 << ETag: "368684b889419678b04e4899d53d7ab0"
DEBUG   2025-06-12 10:18:14,490 [pool-1-thread-1] org.apache.hc.client5.http.headers  - http-outgoing-2 << Content-Type: text/plain
DEBUG   2025-06-12 10:18:14,490 [pool-1-thread-1] org.apache.hc.client5.http.headers  - http-outgoing-2 << Alt-Svc: h3=":443"; ma=2592000,h3-29=":443"; ma=2592000
DEBUG   2025-06-12 10:18:14,490 [pool-1-thread-1] org.apache.hc.client5.http.impl.classic.MainClientExec  - ex-00000003: connection can be kept alive for 3 MINUTES
DEBUG   2025-06-12 10:18:14,490 [pool-1-thread-1] org.apache.hc.client5.http.impl.classic.InternalHttpClient  - ep-00000002: releasing valid endpoint
DEBUG   2025-06-12 10:18:14,490 [pool-1-thread-1] org.apache.hc.client5.http.impl.io.PoolingHttpClientConnectionManager  - ep-00000002: releasing endpoint
DEBUG   2025-06-12 10:18:14,490 [pool-1-thread-1] org.apache.hc.client5.http.impl.io.PoolingHttpClientConnectionManager  - ep-00000002: connection http-outgoing-2 can be kept alive for 3 MINUTES
DEBUG   2025-06-12 10:18:14,490 [pool-1-thread-1] org.apache.hc.client5.http.impl.io.PoolingHttpClientConnectionManager  - ep-00000002: connection released [route: {s}->https://chromedriver.storage.googleapis.com:443][total available: 2; route allocated: 2 of 5; total allocated: 3 of 25]
DEBUG   2025-06-12 10:18:14,490 [pool-1-thread-1] io.github.bonigarcia.wdm.versions.VersionDetector  - Latest version of chromedriver according to https://chromedriver.storage.googleapis.com/LATEST_RELEASE is 114.0.5735.90
DEBUG   2025-06-12 10:18:14,504 [pool-1-thread-1] io.github.bonigarcia.wdm.WebDriverManager  - Driver chromedriver 114.0.5735.90 found in cache
INFO    2025-06-12 10:18:14,504 [pool-1-thread-1] io.github.bonigarcia.wdm.WebDriverManager  - Exporting webdriver.chrome.driver as /Users/dusmamatkarimov/.m2/repository/webdriver/chromedriver/mac64/114.0.5735.90/chromedriver
DEBUG   2025-06-12 10:18:20,070 [pool-1-thread-1] io.github.bonigarcia.wdm.versions.Shell  - Running command on the shell: [/Applications/Google Chrome.app/Contents/MacOS/Google Chrome, --version]
DEBUG   2025-06-12 10:18:20,598 [pool-1-thread-1] io.github.bonigarcia.wdm.versions.Shell  - Result: Google Chrome 137.0.7151.70
DEBUG   2025-06-12 10:18:20,599 [pool-1-thread-1] org.apache.hc.client5.http.impl.classic.InternalHttpClient  - ex-00000004: preparing request execution
DEBUG   2025-06-12 10:18:20,600 [pool-1-thread-1] org.apache.hc.client5.http.protocol.RequestAddCookies  - Cookie spec selected: strict
DEBUG   2025-06-12 10:18:20,600 [pool-1-thread-1] org.apache.hc.client5.http.protocol.RequestAuthCache  - Auth cache not set in the context
DEBUG   2025-06-12 10:18:20,600 [pool-1-thread-1] org.apache.hc.client5.http.impl.classic.ProtocolExec  - ex-00000004: target auth state: UNCHALLENGED
DEBUG   2025-06-12 10:18:20,600 [pool-1-thread-1] org.apache.hc.client5.http.impl.classic.ProtocolExec  - ex-00000004: proxy auth state: UNCHALLENGED
DEBUG   2025-06-12 10:18:20,600 [pool-1-thread-1] org.apache.hc.client5.http.impl.classic.ConnectExec  - ex-00000004: acquiring connection with route {s}->https://chromedriver.storage.googleapis.com:443
DEBUG   2025-06-12 10:18:20,600 [pool-1-thread-1] org.apache.hc.client5.http.impl.classic.InternalHttpClient  - ex-00000004: acquiring endpoint (3 MINUTES)
DEBUG   2025-06-12 10:18:20,600 [pool-1-thread-1] org.apache.hc.client5.http.impl.io.PoolingHttpClientConnectionManager  - ex-00000004: endpoint lease request (3 MINUTES) [route: {s}->https://chromedriver.storage.googleapis.com:443][total available: 0; route allocated: 0 of 5; total allocated: 0 of 25]
DEBUG   2025-06-12 10:18:20,600 [pool-1-thread-1] org.apache.hc.client5.http.impl.io.PoolingHttpClientConnectionManager  - ex-00000004: endpoint leased [route: {s}->https://chromedriver.storage.googleapis.com:443][total available: 0; route allocated: 1 of 5; total allocated: 1 of 25]
[...]
DEBUG   2025-06-12 10:18:21,363 [pool-1-thread-1] org.apache.hc.client5.http.impl.classic.InternalHttpClient  - ep-00000005: connecting endpoint (30 SECONDS)
DEBUG   2025-06-12 10:18:21,363 [pool-1-thread-1] org.apache.hc.client5.http.impl.io.PoolingHttpClientConnectionManager  - ep-00000005: connecting endpoint to https://chromedriver.storage.googleapis.com:443 (30 SECONDS)
DEBUG   2025-06-12 10:18:21,363 [pool-1-thread-1] org.apache.hc.client5.http.impl.io.DefaultHttpClientConnectionOperator  - http-outgoing-5: connecting to chromedriver.storage.googleapis.com/142.250.117.207:443
DEBUG   2025-06-12 10:18:21,363 [pool-1-thread-1] org.apache.hc.client5.http.ssl.SSLConnectionSocketFactory  - Connecting socket to chromedriver.storage.googleapis.com/142.250.117.207:443 with timeout 30 SECONDS
DEBUG   2025-06-12 10:18:21,385 [pool-1-thread-1] org.apache.hc.client5.http.ssl.SSLConnectionSocketFactory  - Enabled protocols: [TLSv1.3, TLSv1.2]
DEBUG   2025-06-12 10:18:21,385 [pool-1-thread-1] org.apache.hc.client5.http.ssl.SSLConnectionSocketFactory  - Enabled cipher suites:[TLS_AES_256_GCM_SHA384, TLS_AES_128_GCM_SHA256, TLS_CHACHA20_POLY1305_SHA256, TLS_ECDHE_ECDSA_WITH_AES_256_GCM_SHA384, TLS_ECDHE_ECDSA_WITH_AES_128_GCM_SHA256, TLS_ECDHE_ECDSA_WITH_CHACHA20_POLY1305_SHA256, TLS_ECDHE_RSA_WITH_AES_256_GCM_SHA384, TLS_ECDHE_RSA_WITH_CHACHA20_POLY1305_SHA256, TLS_ECDHE_RSA_WITH_AES_128_GCM_SHA256, TLS_DHE_RSA_WITH_AES_256_GCM_SHA384, TLS_DHE_RSA_WITH_CHACHA20_POLY1305_SHA256, TLS_DHE_DSS_WITH_AES_256_GCM_SHA384, TLS_DHE_RSA_WITH_AES_128_GCM_SHA256, TLS_DHE_DSS_WITH_AES_128_GCM_SHA256, TLS_ECDHE_ECDSA_WITH_AES_256_CBC_SHA384, TLS_ECDHE_RSA_WITH_AES_256_CBC_SHA384, TLS_ECDHE_ECDSA_WITH_AES_128_CBC_SHA256, TLS_ECDHE_RSA_WITH_AES_128_CBC_SHA256, TLS_DHE_RSA_WITH_AES_256_CBC_SHA256, TLS_DHE_DSS_WITH_AES_256_CBC_SHA256, TLS_DHE_RSA_WITH_AES_128_CBC_SHA256, TLS_DHE_DSS_WITH_AES_128_CBC_SHA256, TLS_ECDHE_ECDSA_WITH_AES_256_CBC_SHA, TLS_ECDHE_RSA_WITH_AES_256_CBC_SHA, TLS_ECDHE_ECDSA_WITH_AES_128_CBC_SHA, TLS_ECDHE_RSA_WITH_AES_128_CBC_SHA, TLS_DHE_RSA_WITH_AES_256_CBC_SHA, TLS_DHE_DSS_WITH_AES_256_CBC_SHA, TLS_DHE_RSA_WITH_AES_128_CBC_SHA, TLS_DHE_DSS_WITH_AES_128_CBC_SHA, TLS_RSA_WITH_AES_256_GCM_SHA384, TLS_RSA_WITH_AES_128_GCM_SHA256, TLS_RSA_WITH_AES_256_CBC_SHA256, TLS_RSA_WITH_AES_128_CBC_SHA256, TLS_RSA_WITH_AES_256_CBC_SHA, TLS_RSA_WITH_AES_128_CBC_SHA, TLS_EMPTY_RENEGOTIATION_INFO_SCSV]
DEBUG   2025-06-12 10:18:21,385 [pool-1-thread-1] org.apache.hc.client5.http.ssl.SSLConnectionSocketFactory  - Starting handshake
DEBUG   2025-06-12 10:18:21,421 [pool-1-thread-1] org.apache.hc.client5.http.ssl.SSLConnectionSocketFactory  - Secure session established
DEBUG   2025-06-12 10:18:21,421 [pool-1-thread-1] org.apache.hc.client5.http.ssl.SSLConnectionSocketFactory  -  negotiated protocol: TLSv1.3
DEBUG   2025-06-12 10:18:21,421 [pool-1-thread-1] org.apache.hc.client5.http.ssl.SSLConnectionSocketFactory  -  negotiated cipher suite: TLS_AES_256_GCM_SHA384
DEBUG   2025-06-12 10:18:21,421 [pool-1-thread-1] org.apache.hc.client5.http.ssl.SSLConnectionSocketFactory  -  peer principal: CN=*.storage.googleapis.com
DEBUG   2025-06-12 10:18:21,421 [pool-1-thread-1] org.apache.hc.client5.http.ssl.SSLConnectionSocketFactory  -  peer alternative names: [*.storage.googleapis.com, *.googleapis.com, commondatastorage.googleapis.com, *.commondatastorage.googleapis.com, storage.googleapis.com, storage-p2.googleapis.com, *.storage-p2.googleapis.com, storage.mtls.googleapis.com, *.appspot.com.storage.googleapis.com, *.content-storage.googleapis.com, *.content-storage-p2.googleapis.com, *.content-storage-upload.googleapis.com, *.content-storage-download.googleapis.com, *.storage-upload.googleapis.com, *.storage-download.googleapis.com]
DEBUG   2025-06-12 10:18:21,421 [pool-1-thread-1] org.apache.hc.client5.http.ssl.SSLConnectionSocketFactory  -  issuer principal: CN=WR2, O=Google Trust Services, C=US
DEBUG   2025-06-12 10:18:21,421 [pool-1-thread-1] org.apache.hc.client5.http.impl.io.DefaultHttpClientConnectionOperator  - http-outgoing-5: connection established 10.121.201.4:56058<->142.250.117.207:443
DEBUG   2025-06-12 10:18:21,421 [pool-1-thread-1] org.apache.hc.client5.http.impl.io.PoolingHttpClientConnectionManager  - ep-00000005: connected http-outgoing-5
DEBUG   2025-06-12 10:18:21,421 [pool-1-thread-1] org.apache.hc.client5.http.impl.classic.InternalHttpClient  - ep-00000005: endpoint connected
DEBUG   2025-06-12 10:18:21,421 [pool-1-thread-1] org.apache.hc.client5.http.impl.classic.MainClientExec  - ex-00000006: executing GET /LATEST_RELEASE HTTP/1.1
DEBUG   2025-06-12 10:18:21,421 [pool-1-thread-1] org.apache.hc.client5.http.impl.classic.InternalHttpClient  - ep-00000005: start execution ex-00000006
DEBUG   2025-06-12 10:18:21,421 [pool-1-thread-1] org.apache.hc.client5.http.impl.io.PoolingHttpClientConnectionManager  - ep-00000005: executing exchange ex-00000006 over http-outgoing-5
DEBUG   2025-06-12 10:18:21,422 [pool-1-thread-1] org.apache.hc.client5.http.headers  - http-outgoing-5 >> GET /LATEST_RELEASE HTTP/1.1
DEBUG   2025-06-12 10:18:21,422 [pool-1-thread-1] org.apache.hc.client5.http.headers  - http-outgoing-5 >> user-agent: Apache-HttpClient/5.0
DEBUG   2025-06-12 10:18:21,422 [pool-1-thread-1] org.apache.hc.client5.http.headers  - http-outgoing-5 >> accept-encoding: gzip, deflate, br
DEBUG   2025-06-12 10:18:21,422 [pool-1-thread-1] org.apache.hc.client5.http.headers  - http-outgoing-5 >> cache-control: max-age=0
DEBUG   2025-06-12 10:18:21,422 [pool-1-thread-1] org.apache.hc.client5.http.headers  - http-outgoing-5 >> Host: chromedriver.storage.googleapis.com
DEBUG   2025-06-12 10:18:21,422 [pool-1-thread-1] org.apache.hc.client5.http.headers  - http-outgoing-5 >> Connection: keep-alive
DEBUG   2025-06-12 10:18:21,422 [pool-1-thread-1] org.apache.hc.client5.http.wire  - http-outgoing-5 >> "GET /LATEST_RELEASE HTTP/1.1[\r][\n]"
DEBUG   2025-06-12 10:18:21,422 [pool-1-thread-1] org.apache.hc.client5.http.wire  - http-outgoing-5 >> "user-agent: Apache-HttpClient/5.0[\r][\n]"
DEBUG   2025-06-12 10:18:21,422 [pool-1-thread-1] org.apache.hc.client5.http.wire  - http-outgoing-5 >> "accept-encoding: gzip, deflate, br[\r][\n]"
DEBUG   2025-06-12 10:18:21,422 [pool-1-thread-1] org.apache.hc.client5.http.wire  - http-outgoing-5 >> "cache-control: max-age=0[\r][\n]"
DEBUG   2025-06-12 10:18:21,422 [pool-1-thread-1] org.apache.hc.client5.http.wire  - http-outgoing-5 >> "Host: chromedriver.storage.googleapis.com[\r][\n]"
DEBUG   2025-06-12 10:18:21,422 [pool-1-thread-1] org.apache.hc.client5.http.wire  - http-outgoing-5 >> "Connection: keep-alive[\r][\n]"
DEBUG   2025-06-12 10:18:21,422 [pool-1-thread-1] org.apache.hc.client5.http.wire  - http-outgoing-5 >> "[\r][\n]"
DEBUG   2025-06-12 10:18:21,446 [pool-1-thread-1] org.apache.hc.client5.http.wire  - http-outgoing-5 << "HTTP/1.1 200 OK[\r][\n]"
DEBUG   2025-06-12 10:18:21,446 [pool-1-thread-1] org.apache.hc.client5.http.wire  - http-outgoing-5 << "X-GUploader-UploadID: ABgVH89sMnbPwfyeZ8l4Pjjw3bwSaRxNn-LsBbKQRZJLgyg7oafc2_6ADGZBkRbM9JhNn9nm[\r][\n]"
DEBUG   2025-06-12 10:18:21,446 [pool-1-thread-1] org.apache.hc.client5.http.wire  - http-outgoing-5 << "x-goog-generation: 1685523462105569[\r][\n]"
DEBUG   2025-06-12 10:18:21,446 [pool-1-thread-1] org.apache.hc.client5.http.wire  - http-outgoing-5 << "x-goog-metageneration: 1[\r][\n]"
DEBUG   2025-06-12 10:18:21,446 [pool-1-thread-1] org.apache.hc.client5.http.wire  - http-outgoing-5 << "x-goog-stored-content-encoding: identity[\r][\n]"
DEBUG   2025-06-12 10:18:21,446 [pool-1-thread-1] org.apache.hc.client5.http.wire  - http-outgoing-5 << "x-goog-stored-content-length: 13[\r][\n]"
DEBUG   2025-06-12 10:18:21,446 [pool-1-thread-1] org.apache.hc.client5.http.wire  - http-outgoing-5 << "x-goog-hash: crc32c=tVW4TA==[\r][\n]"
DEBUG   2025-06-12 10:18:21,446 [pool-1-thread-1] org.apache.hc.client5.http.wire  - http-outgoing-5 << "x-goog-hash: md5=NoaEuIlBlniwTkiZ1T16sA==[\r][\n]"
DEBUG   2025-06-12 10:18:21,446 [pool-1-thread-1] org.apache.hc.client5.http.wire  - http-outgoing-5 << "x-goog-storage-class: STANDARD[\r][\n]"
DEBUG   2025-06-12 10:18:21,446 [pool-1-thread-1] org.apache.hc.client5.http.wire  - http-outgoing-5 << "Accept-Ranges: bytes[\r][\n]"
DEBUG   2025-06-12 10:18:21,446 [pool-1-thread-1] org.apache.hc.client5.http.wire  - http-outgoing-5 << "Content-Length: 13[\r][\n]"
DEBUG   2025-06-12 10:18:21,446 [pool-1-thread-1] org.apache.hc.client5.http.wire  - http-outgoing-5 << "Server: UploadServer[\r][\n]"
DEBUG   2025-06-12 10:18:21,446 [pool-1-thread-1] org.apache.hc.client5.http.wire  - http-outgoing-5 << "Date: Thu, 12 Jun 2025 08:32:15 GMT[\r][\n]"
DEBUG   2025-06-12 10:18:21,446 [pool-1-thread-1] org.apache.hc.client5.http.wire  - http-outgoing-5 << "Expires: Thu, 12 Jun 2025 09:32:15 GMT[\r][\n]"
DEBUG   2025-06-12 10:18:21,446 [pool-1-thread-1] org.apache.hc.client5.http.wire  - http-outgoing-5 << "Cache-Control: public, max-age=3600[\r][\n]"
DEBUG   2025-06-12 10:18:21,446 [pool-1-thread-1] org.apache.hc.client5.http.wire  - http-outgoing-5 << "Age: 2768[\r][\n]"
DEBUG   2025-06-12 10:18:21,446 [pool-1-thread-1] org.apache.hc.client5.http.wire  - http-outgoing-5 << "Last-Modified: Wed, 31 May 2023 08:57:42 GMT[\r][\n]"
DEBUG   2025-06-12 10:18:21,446 [pool-1-thread-1] org.apache.hc.client5.http.wire  - http-outgoing-5 << "ETag: "368684b889419678b04e4899d53d7ab0"[\r][\n]"
DEBUG   2025-06-12 10:18:21,446 [pool-1-thread-1] org.apache.hc.client5.http.wire  - http-outgoing-5 << "Content-Type: text/plain[\r][\n]"
DEBUG   2025-06-12 10:18:21,446 [pool-1-thread-1] org.apache.hc.client5.http.wire  - http-outgoing-5 << "Alt-Svc: h3=":443"; ma=2592000,h3-29=":443"; ma=2592000[\r][\n]"
DEBUG   2025-06-12 10:18:21,446 [pool-1-thread-1] org.apache.hc.client5.http.wire  - http-outgoing-5 << "[\r][\n]"
DEBUG   2025-06-12 10:18:21,446 [pool-1-thread-1] org.apache.hc.client5.http.wire  - http-outgoing-5 << "114.0.5735.90"
DEBUG   2025-06-12 10:18:21,446 [pool-1-thread-1] org.apache.hc.client5.http.headers  - http-outgoing-5 << HTTP/1.1 200 OK
DEBUG   2025-06-12 10:18:21,446 [pool-1-thread-1] org.apache.hc.client5.http.headers  - http-outgoing-5 << X-GUploader-UploadID: ABgVH89sMnbPwfyeZ8l4Pjjw3bwSaRxNn-LsBbKQRZJLgyg7oafc2_6ADGZBkRbM9JhNn9nm
DEBUG   2025-06-12 10:18:21,446 [pool-1-thread-1] org.apache.hc.client5.http.headers  - http-outgoing-5 << x-goog-generation: 1685523462105569
DEBUG   2025-06-12 10:18:21,446 [pool-1-thread-1] org.apache.hc.client5.http.headers  - http-outgoing-5 << x-goog-metageneration: 1
DEBUG   2025-06-12 10:18:21,446 [pool-1-thread-1] org.apache.hc.client5.http.headers  - http-outgoing-5 << x-goog-stored-content-encoding: identity
DEBUG   2025-06-12 10:18:21,446 [pool-1-thread-1] org.apache.hc.client5.http.headers  - http-outgoing-5 << x-goog-stored-content-length: 13
DEBUG   2025-06-12 10:18:21,447 [pool-1-thread-1] org.apache.hc.client5.http.headers  - http-outgoing-5 << x-goog-hash: crc32c=tVW4TA==
DEBUG   2025-06-12 10:18:21,447 [pool-1-thread-1] org.apache.hc.client5.http.headers  - http-outgoing-5 << x-goog-hash: md5=NoaEuIlBlniwTkiZ1T16sA==
DEBUG   2025-06-12 10:18:21,447 [pool-1-thread-1] org.apache.hc.client5.http.headers  - http-outgoing-5 << x-goog-storage-class: STANDARD
DEBUG   2025-06-12 10:18:21,447 [pool-1-thread-1] org.apache.hc.client5.http.headers  - http-outgoing-5 << Accept-Ranges: bytes
DEBUG   2025-06-12 10:18:21,447 [pool-1-thread-1] org.apache.hc.client5.http.headers  - http-outgoing-5 << Content-Length: 13
DEBUG   2025-06-12 10:18:21,447 [pool-1-thread-1] org.apache.hc.client5.http.headers  - http-outgoing-5 << Server: UploadServer
DEBUG   2025-06-12 10:18:21,447 [pool-1-thread-1] org.apache.hc.client5.http.headers  - http-outgoing-5 << Date: Thu, 12 Jun 2025 08:32:15 GMT
DEBUG   2025-06-12 10:18:21,447 [pool-1-thread-1] org.apache.hc.client5.http.headers  - http-outgoing-5 << Expires: Thu, 12 Jun 2025 09:32:15 GMT
DEBUG   2025-06-12 10:18:21,447 [pool-1-thread-1] org.apache.hc.client5.http.headers  - http-outgoing-5 << Cache-Control: public, max-age=3600
DEBUG   2025-06-12 10:18:21,447 [pool-1-thread-1] org.apache.hc.client5.http.headers  - http-outgoing-5 << Age: 2768
DEBUG   2025-06-12 10:18:21,447 [pool-1-thread-1] org.apache.hc.client5.http.headers  - http-outgoing-5 << Last-Modified: Wed, 31 May 2023 08:57:42 GMT
DEBUG   2025-06-12 10:18:21,447 [pool-1-thread-1] org.apache.hc.client5.http.headers  - http-outgoing-5 << ETag: "368684b889419678b04e4899d53d7ab0"
DEBUG   2025-06-12 10:18:21,447 [pool-1-thread-1] org.apache.hc.client5.http.headers  - http-outgoing-5 << Content-Type: text/plain
DEBUG   2025-06-12 10:18:21,447 [pool-1-thread-1] org.apache.hc.client5.http.headers  - http-outgoing-5 << Alt-Svc: h3=":443"; ma=2592000,h3-29=":443"; ma=2592000
DEBUG   2025-06-12 10:18:21,447 [pool-1-thread-1] org.apache.hc.client5.http.impl.classic.MainClientExec  - ex-00000006: connection can be kept alive for 3 MINUTES
DEBUG   2025-06-12 10:18:21,447 [pool-1-thread-1] org.apache.hc.client5.http.impl.classic.InternalHttpClient  - ep-00000005: releasing valid endpoint
DEBUG   2025-06-12 10:18:21,447 [pool-1-thread-1] org.apache.hc.client5.http.impl.io.PoolingHttpClientConnectionManager  - ep-00000005: releasing endpoint
DEBUG   2025-06-12 10:18:21,447 [pool-1-thread-1] org.apache.hc.client5.http.impl.io.PoolingHttpClientConnectionManager  - ep-00000005: connection http-outgoing-5 can be kept alive for 3 MINUTES
DEBUG   2025-06-12 10:18:21,447 [pool-1-thread-1] org.apache.hc.client5.http.impl.io.PoolingHttpClientConnectionManager  - ep-00000005: connection released [route: {s}->https://chromedriver.storage.googleapis.com:443][total available: 2; route allocated: 2 of 5; total allocated: 3 of 25]
DEBUG   2025-06-12 10:18:21,447 [pool-1-thread-1] io.github.bonigarcia.wdm.versions.VersionDetector  - Latest version of chromedriver according to https://chromedriver.storage.googleapis.com/LATEST_RELEASE is 114.0.5735.90
DEBUG   2025-06-12 10:18:21,448 [pool-1-thread-1] io.github.bonigarcia.wdm.WebDriverManager  - Driver chromedriver 114.0.5735.90 found in cache
INFO    2025-06-12 10:18:21,448 [pool-1-thread-1] io.github.bonigarcia.wdm.WebDriverManager  - Exporting webdriver.chrome.driver as /Users/dusmamatkarimov/.m2/repository/webdriver/chromedriver/mac64/114.0.5735.90/chromedriver
]]></system-out>
    <system-err><![CDATA[Starting ChromeDriver 114.0.5735.90 (386bc09e8f4f2e025eddae123f36f6263096ae49-refs/branch-heads/5735@{#1052}) on port 19135
Only local connections are allowed.
Please see https://chromedriver.chromium.org/security-considerations for suggestions on keeping ChromeDriver safe.
ChromeDriver was started successfully.
Starting ChromeDriver 114.0.5735.90 (386bc09e8f4f2e025eddae123f36f6263096ae49-refs/branch-heads/5735@{#1052}) on port 1873
Only local connections are allowed.
Please see https://chromedriver.chromium.org/security-considerations for suggestions on keeping ChromeDriver safe.
ChromeDriver was started successfully.
]]></system-err>
  </testcase>
  <testcase name="Verify the profile information on Github" classname="Github profile information" time="0">
    <error message="session not created: This version of ChromeDriver only supports Chrome version 114&#10;Current browser version is 137.0.7151.70 with binary path /Applications/Google Chrome.app/Contents/MacOS/Google Chrome&#10;Build info: version: &apos;3.141.59&apos;, revision: &apos;e82be7d358&apos;, time: &apos;2018-11-14T08:17:03&apos;&#10;System info: host: &apos;Dusmamats-MacBook-Pro.local&apos;, ip: &apos;fe80:0:0:0:1010:61d6:3893:3b9b%en0&apos;, os.name: &apos;Mac OS X&apos;, os.arch: &apos;x86_64&apos;, os.version: &apos;15.4&apos;, java.version: &apos;21.0.6&apos;&#10;Driver info: driver.version: Driver&#10;remote stacktrace: 0   chromedriver                        0x000000010f7466b8 chromedriver + 4937400&#10;1   chromedriver                        0x000000010f73db73 chromedriver + 4901747&#10;2   chromedriver                        0x000000010f2fb616 chromedriver + 435734&#10;3   chromedriver                        0x000000010f32dd10 chromedriver + 642320&#10;4   chromedriver                        0x000000010f32918a chromedriver + 622986&#10;5   chromedriver                        0x000000010f32567c chromedriver + 607868&#10;6   chromedriver                        0x000000010f36ca08 chromedriver + 899592&#10;7   chromedriver                        0x000000010f36bebf chromedriver + 896703&#10;8   chromedriver                        0x000000010f362de3 chromedriver + 859619&#10;9   chromedriver                        0x000000010f330d7f chromedriver + 654719&#10;10  chromedriver                        0x000000010f3320de chromedriver + 659678&#10;11  chromedriver                        0x000000010f7022ad chromedriver + 4657837&#10;12  chromedriver                        0x000000010f707130 chromedriver + 4677936&#10;13  chromedriver                        0x000000010f70ddef chromedriver + 4705775&#10;14  chromedriver                        0x000000010f70805a chromedriver + 4681818&#10;15  chromedriver                        0x000000010f6da92c chromedriver + 4495660&#10;16  chromedriver                        0x000000010f725838 chromedriver + 4802616&#10;17  chromedriver                        0x000000010f7259b7 chromedriver + 4802999&#10;18  chromedriver                        0x000000010f73699f chromedriver + 4872607&#10;19  libsystem_pthread.dylib             0x00007ff80af83df1 _pthread_start + 99&#10;20  libsystem_pthread.dylib             0x00007ff80af7f857 thread_start + 15&#10;" type="org.openqa.selenium.SessionNotCreatedException">org.openqa.selenium.SessionNotCreatedException: 
session not created: This version of ChromeDriver only supports Chrome version 114
Current browser version is 137.0.7151.70 with binary path /Applications/Google Chrome.app/Contents/MacOS/Google Chrome
Build info: version: '3.141.59', revision: 'e82be7d358', time: '2018-11-14T08:17:03'
System info: host: 'Dusmamats-MacBook-Pro.local', ip: 'fe80:0:0:0:1010:61d6:3893:3b9b%en0', os.name: 'Mac OS X', os.arch: 'x86_64', os.version: '15.4', java.version: '21.0.6'
Driver info: driver.version: Driver
remote stacktrace: 0   chromedriver                        0x000000010f7466b8 chromedriver + 4937400
1   chromedriver                        0x000000010f73db73 chromedriver + 4901747
2   chromedriver                        0x000000010f2fb616 chromedriver + 435734
3   chromedriver                        0x000000010f32dd10 chromedriver + 642320
4   chromedriver                        0x000000010f32918a chromedriver + 622986
5   chromedriver                        0x000000010f32567c chromedriver + 607868
6   chromedriver                        0x000000010f36ca08 chromedriver + 899592
7   chromedriver                        0x000000010f36bebf chromedriver + 896703
8   chromedriver                        0x000000010f362de3 chromedriver + 859619
9   chromedriver                        0x000000010f330d7f chromedriver + 654719
10  chromedriver                        0x000000010f3320de chromedriver + 659678
11  chromedriver                        0x000000010f7022ad chromedriver + 4657837
12  chromedriver                        0x000000010f707130 chromedriver + 4677936
13  chromedriver                        0x000000010f70ddef chromedriver + 4705775
14  chromedriver                        0x000000010f70805a chromedriver + 4681818
15  chromedriver                        0x000000010f6da92c chromedriver + 4495660
16  chromedriver                        0x000000010f725838 chromedriver + 4802616
17  chromedriver                        0x000000010f7259b7 chromedriver + 4802999
18  chromedriver                        0x000000010f73699f chromedriver + 4872607
19  libsystem_pthread.dylib             0x00007ff80af83df1 _pthread_start + 99
20  libsystem_pthread.dylib             0x00007ff80af7f857 thread_start + 15

</error>
  </testcase>
</testsuite>